2024-06-28 08:44:23,818 [INFO] Activator:176 - 


2024-06-28 08:44:23,828 [INFO] Activator:177 - !SESSION log4j initialized
2024-06-28 08:44:32,799 [INFO] LogOutputStream:77 - [STDOUT_REDIRECT] 
2024-06-28 08:44:34,501 [INFO] ApplicationProperties:184 - Using Application install path: C:\ST\STM32CubeIDE_1.15.1\STM32CubeIDE\plugins\com.st.stm32cube.common.mx_6.11.1.202404110753
2024-06-28 08:44:34,527 [INFO] DbMcusXml:78 - Set database path to: C:\ST\STM32CubeIDE_1.15.1\STM32CubeIDE\plugins\com.st.stm32cube.common.mx_6.11.1.202404110753\\db\/mcu/
2024-06-28 08:44:34,527 [INFO] ApiDb:274 - Set plugin database path to: C:\ST\STM32CubeIDE_1.15.1\STM32CubeIDE\plugins\com.st.stm32cube.common.mx_6.11.1.202404110753\\db\/plugins/boardmanager/
2024-06-28 08:44:34,528 [WARN] ApiDb:259 - Overriding images path with different value:  => C:\ST\STM32CubeIDE_1.15.1\STM32CubeIDE\plugins\com.st.stm32cube.common.mx_6.11.1.202404110753\\db\/plugins/mcufinder/images/
2024-06-28 08:44:34,547 [INFO] ApiDb:250 - Set database path to: C:\Users\Admin\.stmcufinder\plugins\mcufinder//mcu/
2024-06-28 08:44:34,549 [INFO] DbMcusAds:125 - Set database path to: C:\Users\Admin\.stmcufinder\plugins\mcufinder//mcu/
2024-06-28 08:44:34,551 [INFO] CrossReferenceDbSqlite:203 - Set database path to: C:\Users\Admin\.stmcufinder\plugins\mcufinder//mcu/cs/
2024-06-28 08:44:34,780 [INFO] RulesReader:64 - Compatibility file has been processed (297 Rules)
2024-06-28 08:44:34,799 [ERROR] ConfigurationRetriever:142 - IOException on connection: Connection reset
2024-06-28 08:44:34,927 [ERROR] ConfigurationRetriever:142 - IOException on connection: Connection reset
2024-06-28 08:44:34,969 [INFO] DbMcusXml:78 - Set database path to: C:\ST\STM32CubeIDE_1.15.1\STM32CubeIDE\plugins\com.st.stm32cube.common.mx_6.11.1.202404110753\\db\/mcu/
2024-06-28 08:44:34,969 [INFO] ApiDb:274 - Set plugin database path to: C:\ST\STM32CubeIDE_1.15.1\STM32CubeIDE\plugins\com.st.stm32cube.common.mx_6.11.1.202404110753\\db\/plugins/boardmanager/
2024-06-28 08:44:34,970 [INFO] ApiDb:261 - Set plugin images path to: C:\ST\STM32CubeIDE_1.15.1\STM32CubeIDE\plugins\com.st.stm32cube.common.mx_6.11.1.202404110753\\db\/plugins/mcufinder/images/
2024-06-28 08:44:34,971 [WARN] DbFile:41 - Overriding database path with different value: C:\Users\Admin\.stmcufinder\plugins\mcufinder/ => C:\Users\Admin\.stmcufinder\plugins\mcufinder
2024-06-28 08:44:34,971 [INFO] ApiDb:250 - Set database path to: C:\Users\Admin\.stmcufinder\plugins\mcufinder//mcu/
2024-06-28 08:44:34,971 [WARN] DbFile:41 - Overriding database path with different value: C:\Users\Admin\.stmcufinder\plugins\mcufinder/ => C:\Users\Admin\.stmcufinder\plugins\mcufinder
2024-06-28 08:44:34,971 [INFO] DbMcusAds:125 - Set database path to: C:\Users\Admin\.stmcufinder\plugins\mcufinder//mcu/
2024-06-28 08:44:34,971 [WARN] DbFile:41 - Overriding database path with different value: C:\Users\Admin\.stmcufinder\plugins\mcufinder/ => C:\Users\Admin\.stmcufinder\plugins\mcufinder
2024-06-28 08:44:34,971 [WARN] DbFile:41 - Overriding database path with different value: C:\Users\Admin\.stmcufinder\plugins\mcufinder/ => C:\Users\Admin\.stmcufinder\plugins\mcufinder
2024-06-28 08:44:34,971 [INFO] CrossReferenceDbSqlite:203 - Set database path to: C:\Users\Admin\.stmcufinder\plugins\mcufinder//mcu/cs/
2024-06-28 08:44:35,093 [INFO] MainPanel:264 - HeapMemory: 268435456
2024-06-28 08:44:35,262 [INFO] DbMcusXml:78 - Set database path to: C:\ST\STM32CubeIDE_1.15.1\STM32CubeIDE\plugins\com.st.stm32cube.common.mx_6.11.1.202404110753\\db\/mcu/
2024-06-28 08:44:35,262 [INFO] ApiDb:274 - Set plugin database path to: C:\ST\STM32CubeIDE_1.15.1\STM32CubeIDE\plugins\com.st.stm32cube.common.mx_6.11.1.202404110753\\db\/plugins/boardmanager/
2024-06-28 08:44:35,263 [INFO] ApiDb:261 - Set plugin images path to: C:\ST\STM32CubeIDE_1.15.1\STM32CubeIDE\plugins\com.st.stm32cube.common.mx_6.11.1.202404110753\\db\/plugins/mcufinder/images/
2024-06-28 08:44:35,263 [WARN] DbFile:41 - Overriding database path with different value: C:\Users\Admin\.stmcufinder\plugins\mcufinder/ => C:\Users\Admin\.stmcufinder\plugins\mcufinder
2024-06-28 08:44:35,263 [INFO] ApiDb:250 - Set database path to: C:\Users\Admin\.stmcufinder\plugins\mcufinder//mcu/
2024-06-28 08:44:35,263 [WARN] DbFile:41 - Overriding database path with different value: C:\Users\Admin\.stmcufinder\plugins\mcufinder/ => C:\Users\Admin\.stmcufinder\plugins\mcufinder
2024-06-28 08:44:35,263 [INFO] DbMcusAds:125 - Set database path to: C:\Users\Admin\.stmcufinder\plugins\mcufinder//mcu/
2024-06-28 08:44:35,263 [WARN] DbFile:41 - Overriding database path with different value: C:\Users\Admin\.stmcufinder\plugins\mcufinder/ => C:\Users\Admin\.stmcufinder\plugins\mcufinder
2024-06-28 08:44:35,263 [WARN] DbFile:41 - Overriding database path with different value: C:\Users\Admin\.stmcufinder\plugins\mcufinder/ => C:\Users\Admin\.stmcufinder\plugins\mcufinder
2024-06-28 08:44:35,264 [INFO] CrossReferenceDbSqlite:203 - Set database path to: C:\Users\Admin\.stmcufinder\plugins\mcufinder//mcu/cs/
2024-06-28 08:44:35,291 [INFO] ApplicationProperties:184 - Using Application install path: C:\ST\STM32CubeIDE_1.15.1\STM32CubeIDE\plugins\com.st.stm32cube.common.mx_6.11.1.202404110753
2024-06-28 08:44:35,293 [INFO] PluginManage:196 - Search for loadable plugins [exclusion list=, ]
2024-06-28 08:44:35,296 [INFO] PluginManage:310 - Check plugin analytics
2024-06-28 08:44:35,572 [INFO] AnalyticsPlugin:253 - Accepted Software Licenses: STM32CubeMX.6.11.1
2024-06-28 08:44:35,573 [INFO] AnalyticsPlugin:255 - Accepted CMSIS Pack Licenses: 
2024-06-28 08:44:35,573 [INFO] AnalyticsPlugin:257 - Accepted Firmware Licenses: FW.F4.1.28.0
2024-06-28 08:44:35,576 [INFO] PluginManage:359 - Loaded plugin analytics (category:tool,tabindex:-1)
2024-06-28 08:44:35,576 [INFO] PluginManage:310 - Check plugin cadmodel
2024-06-28 08:44:35,595 [INFO] CADModel:105 - Init CAD model plugin
2024-06-28 08:44:35,595 [INFO] PluginManage:359 - Loaded plugin cadmodel (category:power,tabindex:5)
2024-06-28 08:44:35,596 [INFO] PluginManage:310 - Check plugin clock
2024-06-28 08:44:35,632 [INFO] PluginManage:359 - Loaded plugin clock (category:base,tabindex:2)
2024-06-28 08:44:35,632 [INFO] PluginManage:310 - Check plugin ddr
2024-06-28 08:44:35,636 [INFO] PluginManage:359 - Loaded plugin ddr (category:tool,tabindex:6)
2024-06-28 08:44:35,636 [INFO] PluginManage:310 - Check plugin filemanager
2024-06-28 08:44:35,702 [ERROR] ConfigurationRetriever:142 - IOException on connection: Connection reset
2024-06-28 08:44:35,819 [ERROR] ConfigurationRetriever:142 - IOException on connection: Connection reset
2024-06-28 08:44:35,853 [INFO] PluginManage:359 - Loaded plugin filemanager (category:base,tabindex:10)
2024-06-28 08:44:35,853 [INFO] PluginManage:310 - Check plugin ipmanager
2024-06-28 08:44:35,866 [INFO] PluginManage:359 - Loaded plugin ipmanager (category:base,tabindex:5)
2024-06-28 08:44:35,866 [INFO] PluginManage:310 - Check plugin lpbam
2024-06-28 08:44:35,902 [INFO] PluginManage:359 - Loaded plugin lpbam (category:base,tabindex:0)
2024-06-28 08:44:35,903 [INFO] PluginManage:310 - Check plugin memorymap
2024-06-28 08:44:35,934 [ERROR] ConfigurationRetriever:142 - IOException on connection: Connection reset
2024-06-28 08:44:35,959 [INFO] PluginManage:359 - Loaded plugin memorymap (category:base,tabindex:4)
2024-06-28 08:44:35,959 [INFO] PluginManage:310 - Check plugin pinoutandconfiguration
2024-06-28 08:44:35,991 [INFO] PluginManage:359 - Loaded plugin pinoutandconfiguration (category:base,tabindex:1)
2024-06-28 08:44:35,992 [INFO] PluginManage:310 - Check plugin pinoutconfig
2024-06-28 08:44:36,147 [WARN] SupportedApi:132 - Cannot load RTOS API schema: s4s-elt-must-match.1: The content of 'definitions' must match (annotation?, (simpleType | complexType)?, (unique | key | keyref)*)). A problem was found starting at: attribute.
2024-06-28 08:44:36,346 [INFO] PluginManage:359 - Loaded plugin pinoutconfig (category:base,tabindex:0)
2024-06-28 08:44:36,346 [INFO] PluginManage:310 - Check plugin power
2024-06-28 08:44:36,371 [INFO] PluginManage:359 - Loaded plugin power (category:power,tabindex:4)
2024-06-28 08:44:36,372 [INFO] PluginManage:310 - Check plugin projectmanager
2024-06-28 08:44:36,404 [INFO] PluginManage:359 - Loaded plugin projectmanager (category:projectmanager,tabindex:3)
2024-06-28 08:44:36,404 [INFO] PluginManage:310 - Check plugin thirdparty
2024-06-28 08:44:36,816 [INFO] PluginManage:359 - Loaded plugin thirdparty (category:base,tabindex:-1)
2024-06-28 08:44:36,816 [WARN] IntegrityCheckThread:84 - waiting for thirdparty lock release [integrity check]
2024-06-28 08:44:36,816 [INFO] PluginManage:310 - Check plugin tools
2024-06-28 08:44:36,816 [INFO] IntegrityCheckThread:86 - entering critical section [integrity check]
2024-06-28 08:44:36,817 [INFO] ThirdPartyUpdaterWithRetryManager:70 - Updater plugin not ready yet. [1/15]
2024-06-28 08:44:36,867 [INFO] PluginManage:359 - Loaded plugin tools (category:base,tabindex:7)
2024-06-28 08:44:36,868 [INFO] PluginManage:310 - Check plugin tutovideos
2024-06-28 08:44:37,153 [INFO] PluginManage:359 - Loaded plugin tutovideos (category:base,tabindex:-1)
2024-06-28 08:44:37,153 [INFO] PluginManage:310 - Check plugin updater
2024-06-28 08:44:37,169 [INFO] PluginManage:359 - Loaded plugin updater (category:base,tabindex:12)
2024-06-28 08:44:37,169 [INFO] PluginManage:310 - Check plugin userauth
2024-06-28 08:44:37,177 [INFO] UserAuth:114 - Init User Auth plugin
2024-06-28 08:44:37,177 [INFO] PluginManage:359 - Loaded plugin userauth (category:base,tabindex:14)
2024-06-28 08:44:37,177 [INFO] PluginManage:283 - PluginManage : Loaded plugins [17]
2024-06-28 08:44:37,268 [ERROR] ConfigurationRetriever:142 - IOException on connection: Connection reset
2024-06-28 08:44:37,378 [ERROR] ConfigurationRetriever:142 - IOException on connection: Connection reset
2024-06-28 08:44:37,485 [ERROR] ConfigurationRetriever:142 - IOException on connection: Connection reset
2024-06-28 08:44:37,489 [INFO] PinOutPanel:1561 - setPackage(No Configuration,No Configuration)
2024-06-28 08:44:37,590 [INFO] CADModel:165 - CPN selected for project level
2024-06-28 08:44:37,590 [INFO] CADModel:114 - Register for checkConnection events
2024-06-28 08:44:37,626 [INFO] IPUIPlugin:80 - create IPUIPlugin
2024-06-28 08:44:37,627 [INFO] PluginManager:220 - loadIPPluginJar : add adc
2024-06-28 08:44:37,691 [INFO] IPUIPlugin:80 - create IPUIPlugin
2024-06-28 08:44:37,691 [INFO] PluginManager:220 - loadIPPluginJar : add aes
2024-06-28 08:44:37,756 [INFO] IPUIPlugin:80 - create IPUIPlugin
2024-06-28 08:44:37,757 [INFO] PluginManager:220 - loadIPPluginJar : add can
2024-06-28 08:44:37,793 [INFO] IPUIPlugin:80 - create IPUIPlugin
2024-06-28 08:44:37,793 [INFO] PluginManager:220 - loadIPPluginJar : add comp
2024-06-28 08:44:37,845 [INFO] IPUIPlugin:80 - create IPUIPlugin
2024-06-28 08:44:37,845 [INFO] PluginManager:220 - loadIPPluginJar : add cryp
2024-06-28 08:44:37,906 [INFO] IPUIPlugin:80 - create IPUIPlugin
2024-06-28 08:44:37,907 [INFO] PluginManager:220 - loadIPPluginJar : add dfsdm
2024-06-28 08:44:37,930 [INFO] IPUIPlugin:80 - create IPUIPlugin
2024-06-28 08:44:37,932 [INFO] PluginManager:220 - loadIPPluginJar : add dma
2024-06-28 08:44:38,014 [INFO] IPUIPlugin:80 - create IPUIPlugin
2024-06-28 08:44:38,014 [INFO] PluginManager:220 - loadIPPluginJar : add dma3
2024-06-28 08:44:38,080 [INFO] IPUIPlugin:80 - create IPUIPlugin
2024-06-28 08:44:38,080 [INFO] PluginManager:220 - loadIPPluginJar : add extmemmanager
2024-06-28 08:44:38,143 [INFO] IPUIPlugin:80 - create IPUIPlugin
2024-06-28 08:44:38,143 [INFO] PluginManager:220 - loadIPPluginJar : add fatfs
2024-06-28 08:44:38,340 [INFO] IPUIPlugin:80 - create IPUIPlugin
2024-06-28 08:44:38,340 [INFO] PluginManager:220 - loadIPPluginJar : add fmc
2024-06-28 08:44:38,362 [INFO] IPUIPlugin:80 - create IPUIPlugin
2024-06-28 08:44:38,362 [INFO] PluginManager:220 - loadIPPluginJar : add freertos
2024-06-28 08:44:38,408 [INFO] IPUIPlugin:80 - create IPUIPlugin
2024-06-28 08:44:38,408 [INFO] PluginManager:220 - loadIPPluginJar : add genericplugin
2024-06-28 08:44:59,365 [INFO] Activator:176 - 


2024-06-28 08:44:59,367 [INFO] Activator:177 - !SESSION log4j initialized
2024-06-28 08:45:05,374 [INFO] LogOutputStream:77 - [STDOUT_REDIRECT] 
2024-06-28 08:45:06,648 [ERROR] ConfigurationRetriever:142 - IOException on connection: Connection reset
2024-06-28 08:45:06,767 [ERROR] ConfigurationRetriever:142 - IOException on connection: Connection reset
2024-06-28 08:45:07,580 [INFO] ApplicationProperties:184 - Using Application install path: C:\ST\STM32CubeIDE_1.15.1\STM32CubeIDE\plugins\com.st.stm32cube.common.mx_6.11.1.202404110753
2024-06-28 08:45:07,660 [INFO] DbMcusXml:78 - Set database path to: C:\ST\STM32CubeIDE_1.15.1\STM32CubeIDE\plugins\com.st.stm32cube.common.mx_6.11.1.202404110753\\db\/mcu/
2024-06-28 08:45:07,662 [INFO] ApiDb:274 - Set plugin database path to: C:\ST\STM32CubeIDE_1.15.1\STM32CubeIDE\plugins\com.st.stm32cube.common.mx_6.11.1.202404110753\\db\/plugins/boardmanager/
2024-06-28 08:45:07,662 [WARN] ApiDb:259 - Overriding images path with different value:  => C:\ST\STM32CubeIDE_1.15.1\STM32CubeIDE\plugins\com.st.stm32cube.common.mx_6.11.1.202404110753\\db\/plugins/mcufinder/images/
2024-06-28 08:45:07,682 [INFO] ApiDb:250 - Set database path to: C:\Users\Admin\.stmcufinder\plugins\mcufinder//mcu/
2024-06-28 08:45:07,686 [INFO] DbMcusAds:125 - Set database path to: C:\Users\Admin\.stmcufinder\plugins\mcufinder//mcu/
2024-06-28 08:45:07,696 [INFO] CrossReferenceDbSqlite:203 - Set database path to: C:\Users\Admin\.stmcufinder\plugins\mcufinder//mcu/cs/
2024-06-28 08:45:08,265 [INFO] RulesReader:64 - Compatibility file has been processed (297 Rules)
2024-06-28 08:45:08,554 [INFO] DbMcusXml:78 - Set database path to: C:\ST\STM32CubeIDE_1.15.1\STM32CubeIDE\plugins\com.st.stm32cube.common.mx_6.11.1.202404110753\\db\/mcu/
2024-06-28 08:45:08,554 [INFO] ApiDb:274 - Set plugin database path to: C:\ST\STM32CubeIDE_1.15.1\STM32CubeIDE\plugins\com.st.stm32cube.common.mx_6.11.1.202404110753\\db\/plugins/boardmanager/
2024-06-28 08:45:08,555 [INFO] ApiDb:261 - Set plugin images path to: C:\ST\STM32CubeIDE_1.15.1\STM32CubeIDE\plugins\com.st.stm32cube.common.mx_6.11.1.202404110753\\db\/plugins/mcufinder/images/
2024-06-28 08:45:08,555 [WARN] DbFile:41 - Overriding database path with different value: C:\Users\Admin\.stmcufinder\plugins\mcufinder/ => C:\Users\Admin\.stmcufinder\plugins\mcufinder
2024-06-28 08:45:08,555 [INFO] ApiDb:250 - Set database path to: C:\Users\Admin\.stmcufinder\plugins\mcufinder//mcu/
2024-06-28 08:45:08,555 [WARN] DbFile:41 - Overriding database path with different value: C:\Users\Admin\.stmcufinder\plugins\mcufinder/ => C:\Users\Admin\.stmcufinder\plugins\mcufinder
2024-06-28 08:45:08,556 [INFO] DbMcusAds:125 - Set database path to: C:\Users\Admin\.stmcufinder\plugins\mcufinder//mcu/
2024-06-28 08:45:08,556 [WARN] DbFile:41 - Overriding database path with different value: C:\Users\Admin\.stmcufinder\plugins\mcufinder/ => C:\Users\Admin\.stmcufinder\plugins\mcufinder
2024-06-28 08:45:08,556 [WARN] DbFile:41 - Overriding database path with different value: C:\Users\Admin\.stmcufinder\plugins\mcufinder/ => C:\Users\Admin\.stmcufinder\plugins\mcufinder
2024-06-28 08:45:08,556 [INFO] CrossReferenceDbSqlite:203 - Set database path to: C:\Users\Admin\.stmcufinder\plugins\mcufinder//mcu/cs/
2024-06-28 08:45:08,816 [INFO] MainPanel:264 - HeapMemory: 268435456
2024-06-28 08:45:09,221 [INFO] DbMcusXml:78 - Set database path to: C:\ST\STM32CubeIDE_1.15.1\STM32CubeIDE\plugins\com.st.stm32cube.common.mx_6.11.1.202404110753\\db\/mcu/
2024-06-28 08:45:09,221 [INFO] ApiDb:274 - Set plugin database path to: C:\ST\STM32CubeIDE_1.15.1\STM32CubeIDE\plugins\com.st.stm32cube.common.mx_6.11.1.202404110753\\db\/plugins/boardmanager/
2024-06-28 08:45:09,221 [INFO] ApiDb:261 - Set plugin images path to: C:\ST\STM32CubeIDE_1.15.1\STM32CubeIDE\plugins\com.st.stm32cube.common.mx_6.11.1.202404110753\\db\/plugins/mcufinder/images/
2024-06-28 08:45:09,223 [WARN] DbFile:41 - Overriding database path with different value: C:\Users\Admin\.stmcufinder\plugins\mcufinder/ => C:\Users\Admin\.stmcufinder\plugins\mcufinder
2024-06-28 08:45:09,223 [INFO] ApiDb:250 - Set database path to: C:\Users\Admin\.stmcufinder\plugins\mcufinder//mcu/
2024-06-28 08:45:09,223 [WARN] DbFile:41 - Overriding database path with different value: C:\Users\Admin\.stmcufinder\plugins\mcufinder/ => C:\Users\Admin\.stmcufinder\plugins\mcufinder
2024-06-28 08:45:09,224 [INFO] DbMcusAds:125 - Set database path to: C:\Users\Admin\.stmcufinder\plugins\mcufinder//mcu/
2024-06-28 08:45:09,224 [WARN] DbFile:41 - Overriding database path with different value: C:\Users\Admin\.stmcufinder\plugins\mcufinder/ => C:\Users\Admin\.stmcufinder\plugins\mcufinder
2024-06-28 08:45:09,224 [WARN] DbFile:41 - Overriding database path with different value: C:\Users\Admin\.stmcufinder\plugins\mcufinder/ => C:\Users\Admin\.stmcufinder\plugins\mcufinder
2024-06-28 08:45:09,224 [INFO] CrossReferenceDbSqlite:203 - Set database path to: C:\Users\Admin\.stmcufinder\plugins\mcufinder//mcu/cs/
2024-06-28 08:45:09,266 [INFO] ApplicationProperties:184 - Using Application install path: C:\ST\STM32CubeIDE_1.15.1\STM32CubeIDE\plugins\com.st.stm32cube.common.mx_6.11.1.202404110753
2024-06-28 08:45:09,271 [INFO] PluginManage:196 - Search for loadable plugins [exclusion list=, ]
2024-06-28 08:45:09,276 [INFO] PluginManage:310 - Check plugin analytics
2024-06-28 08:45:10,188 [INFO] AnalyticsPlugin:253 - Accepted Software Licenses: STM32CubeMX.6.11.1
2024-06-28 08:45:10,189 [INFO] AnalyticsPlugin:255 - Accepted CMSIS Pack Licenses: 
2024-06-28 08:45:10,189 [INFO] AnalyticsPlugin:257 - Accepted Firmware Licenses: FW.F4.1.28.0
2024-06-28 08:45:10,197 [INFO] PluginManage:359 - Loaded plugin analytics (category:tool,tabindex:-1)
2024-06-28 08:45:10,197 [INFO] PluginManage:310 - Check plugin cadmodel
2024-06-28 08:45:10,209 [INFO] CADModel:105 - Init CAD model plugin
2024-06-28 08:45:10,210 [INFO] PluginManage:359 - Loaded plugin cadmodel (category:power,tabindex:5)
2024-06-28 08:45:10,210 [INFO] PluginManage:310 - Check plugin clock
2024-06-28 08:45:10,253 [INFO] PluginManage:359 - Loaded plugin clock (category:base,tabindex:2)
2024-06-28 08:45:10,254 [INFO] PluginManage:310 - Check plugin ddr
2024-06-28 08:45:10,267 [INFO] PluginManage:359 - Loaded plugin ddr (category:tool,tabindex:6)
2024-06-28 08:45:10,267 [INFO] PluginManage:310 - Check plugin filemanager
2024-06-28 08:45:10,341 [ERROR] ConfigurationRetriever:142 - IOException on connection: Connection reset
2024-06-28 08:45:10,454 [ERROR] ConfigurationRetriever:142 - IOException on connection: Connection reset
2024-06-28 08:45:10,569 [ERROR] ConfigurationRetriever:142 - IOException on connection: Connection reset
2024-06-28 08:45:10,872 [INFO] PluginManage:359 - Loaded plugin filemanager (category:base,tabindex:10)
2024-06-28 08:45:10,873 [INFO] PluginManage:310 - Check plugin ipmanager
2024-06-28 08:45:10,889 [INFO] PluginManage:359 - Loaded plugin ipmanager (category:base,tabindex:5)
2024-06-28 08:45:10,889 [INFO] PluginManage:310 - Check plugin lpbam
2024-06-28 08:45:10,911 [INFO] PluginManage:359 - Loaded plugin lpbam (category:base,tabindex:0)
2024-06-28 08:45:10,911 [INFO] PluginManage:310 - Check plugin memorymap
2024-06-28 08:45:10,961 [INFO] PluginManage:359 - Loaded plugin memorymap (category:base,tabindex:4)
2024-06-28 08:45:10,962 [INFO] PluginManage:310 - Check plugin pinoutandconfiguration
2024-06-28 08:45:10,988 [INFO] PluginManage:359 - Loaded plugin pinoutandconfiguration (category:base,tabindex:1)
2024-06-28 08:45:10,988 [INFO] PluginManage:310 - Check plugin pinoutconfig
2024-06-28 08:45:11,229 [WARN] SupportedApi:132 - Cannot load RTOS API schema: s4s-elt-must-match.1: The content of 'definitions' must match (annotation?, (simpleType | complexType)?, (unique | key | keyref)*)). A problem was found starting at: attribute.
2024-06-28 08:45:11,858 [INFO] PluginManage:359 - Loaded plugin pinoutconfig (category:base,tabindex:0)
2024-06-28 08:45:11,858 [INFO] PluginManage:310 - Check plugin power
2024-06-28 08:45:11,883 [INFO] PluginManage:359 - Loaded plugin power (category:power,tabindex:4)
2024-06-28 08:45:11,883 [INFO] PluginManage:310 - Check plugin projectmanager
2024-06-28 08:45:11,926 [INFO] PluginManage:359 - Loaded plugin projectmanager (category:projectmanager,tabindex:3)
2024-06-28 08:45:11,926 [INFO] PluginManage:310 - Check plugin thirdparty
2024-06-28 08:45:12,400 [WARN] IntegrityCheckThread:84 - waiting for thirdparty lock release [integrity check]
2024-06-28 08:45:12,401 [INFO] IntegrityCheckThread:86 - entering critical section [integrity check]
2024-06-28 08:45:12,402 [INFO] PluginManage:359 - Loaded plugin thirdparty (category:base,tabindex:-1)
2024-06-28 08:45:12,402 [INFO] PluginManage:310 - Check plugin tools
2024-06-28 08:45:12,403 [INFO] ThirdPartyUpdaterWithRetryManager:70 - Updater plugin not ready yet. [1/15]
2024-06-28 08:45:12,410 [INFO] PluginManage:359 - Loaded plugin tools (category:base,tabindex:7)
2024-06-28 08:45:12,411 [INFO] PluginManage:310 - Check plugin tutovideos
2024-06-28 08:45:13,237 [INFO] PluginManage:359 - Loaded plugin tutovideos (category:base,tabindex:-1)
2024-06-28 08:45:13,238 [INFO] PluginManage:310 - Check plugin updater
2024-06-28 08:45:13,263 [INFO] PluginManage:359 - Loaded plugin updater (category:base,tabindex:12)
2024-06-28 08:45:13,263 [INFO] PluginManage:310 - Check plugin userauth
2024-06-28 08:45:13,271 [INFO] UserAuth:114 - Init User Auth plugin
2024-06-28 08:45:13,272 [INFO] PluginManage:359 - Loaded plugin userauth (category:base,tabindex:14)
2024-06-28 08:45:13,273 [INFO] PluginManage:283 - PluginManage : Loaded plugins [17]
2024-06-28 08:45:13,620 [INFO] PinOutPanel:1561 - setPackage(No Configuration,No Configuration)
2024-06-28 08:45:13,714 [INFO] CADModel:165 - CPN selected for project level
2024-06-28 08:45:13,715 [INFO] CADModel:114 - Register for checkConnection events
2024-06-28 08:45:13,734 [INFO] IPUIPlugin:80 - create IPUIPlugin
2024-06-28 08:45:13,734 [INFO] PluginManager:220 - loadIPPluginJar : add adc
2024-06-28 08:45:13,737 [INFO] IPUIPlugin:80 - create IPUIPlugin
2024-06-28 08:45:13,737 [INFO] PluginManager:220 - loadIPPluginJar : add aes
2024-06-28 08:45:13,742 [INFO] IPUIPlugin:80 - create IPUIPlugin
2024-06-28 08:45:13,742 [INFO] PluginManager:220 - loadIPPluginJar : add can
2024-06-28 08:45:13,745 [INFO] IPUIPlugin:80 - create IPUIPlugin
2024-06-28 08:45:13,745 [INFO] PluginManager:220 - loadIPPluginJar : add comp
2024-06-28 08:45:13,747 [INFO] IPUIPlugin:80 - create IPUIPlugin
2024-06-28 08:45:13,748 [INFO] PluginManager:220 - loadIPPluginJar : add cryp
2024-06-28 08:45:13,750 [INFO] IPUIPlugin:80 - create IPUIPlugin
2024-06-28 08:45:13,750 [INFO] PluginManager:220 - loadIPPluginJar : add dfsdm
2024-06-28 08:45:13,757 [INFO] IPUIPlugin:80 - create IPUIPlugin
2024-06-28 08:45:13,758 [INFO] PluginManager:220 - loadIPPluginJar : add dma
2024-06-28 08:45:13,761 [INFO] IPUIPlugin:80 - create IPUIPlugin
2024-06-28 08:45:13,761 [INFO] PluginManager:220 - loadIPPluginJar : add dma3
2024-06-28 08:45:13,765 [INFO] IPUIPlugin:80 - create IPUIPlugin
2024-06-28 08:45:13,765 [INFO] PluginManager:220 - loadIPPluginJar : add extmemmanager
2024-06-28 08:45:13,768 [INFO] IPUIPlugin:80 - create IPUIPlugin
2024-06-28 08:45:13,769 [INFO] PluginManager:220 - loadIPPluginJar : add fatfs
2024-06-28 08:45:13,775 [INFO] IPUIPlugin:80 - create IPUIPlugin
2024-06-28 08:45:13,775 [INFO] PluginManager:220 - loadIPPluginJar : add fmc
2024-06-28 08:45:13,782 [INFO] IPUIPlugin:80 - create IPUIPlugin
2024-06-28 08:45:13,783 [INFO] PluginManager:220 - loadIPPluginJar : add freertos
2024-06-28 08:45:13,786 [INFO] IPUIPlugin:80 - create IPUIPlugin
2024-06-28 08:45:13,786 [INFO] PluginManager:220 - loadIPPluginJar : add genericplugin
2024-06-28 08:45:13,789 [INFO] IPUIPlugin:80 - create IPUIPlugin
2024-06-28 08:45:13,789 [INFO] PluginManager:220 - loadIPPluginJar : add gfxmmu
2024-06-28 08:45:13,795 [INFO] IPUIPlugin:80 - create IPUIPlugin
2024-06-28 08:45:13,795 [INFO] PluginManager:220 - loadIPPluginJar : add gic
2024-06-28 08:45:13,817 [INFO] IPUIPlugin:80 - create IPUIPlugin
2024-06-28 08:45:13,817 [INFO] PluginManager:220 - loadIPPluginJar : add gpio
2024-06-28 08:45:13,992 [INFO] IPUIPlugin:80 - create IPUIPlugin
2024-06-28 08:45:13,992 [INFO] PluginManager:220 - loadIPPluginJar : add gtzc
2024-06-28 08:45:14,066 [INFO] IPUIPlugin:80 - create IPUIPlugin
2024-06-28 08:45:14,067 [INFO] PluginManager:220 - loadIPPluginJar : add hash
2024-06-28 08:45:14,207 [INFO] IPUIPlugin:80 - create IPUIPlugin
2024-06-28 08:45:14,208 [INFO] PluginManager:220 - loadIPPluginJar : add i2c
2024-06-28 08:45:14,300 [INFO] IPUIPlugin:80 - create IPUIPlugin
2024-06-28 08:45:14,300 [INFO] PluginManager:220 - loadIPPluginJar : add i2s
2024-06-28 08:45:14,400 [INFO] IPUIPlugin:80 - create IPUIPlugin
2024-06-28 08:45:14,400 [INFO] PluginManager:220 - loadIPPluginJar : add i3c
2024-06-28 08:45:14,702 [INFO] IPUIPlugin:80 - create IPUIPlugin
2024-06-28 08:45:14,703 [INFO] PluginManager:220 - loadIPPluginJar : add ipddr
2024-06-28 08:45:14,959 [INFO] IPUIPlugin:80 - create IPUIPlugin
2024-06-28 08:45:14,960 [INFO] PluginManager:220 - loadIPPluginJar : add linkedlist
2024-06-28 08:45:15,054 [INFO] IPUIPlugin:80 - create IPUIPlugin
2024-06-28 08:45:15,055 [INFO] PluginManager:220 - loadIPPluginJar : add lorawan
2024-06-28 08:45:15,179 [INFO] IPUIPlugin:80 - create IPUIPlugin
2024-06-28 08:45:15,179 [INFO] PluginManager:220 - loadIPPluginJar : add ltdc
2024-06-28 08:45:15,214 [INFO] IPUIPlugin:80 - create IPUIPlugin
2024-06-28 08:45:15,214 [INFO] PluginManager:220 - loadIPPluginJar : add mdma
2024-06-28 08:45:15,238 [INFO] IPUIPlugin:80 - create IPUIPlugin
2024-06-28 08:45:15,238 [INFO] PluginManager:220 - loadIPPluginJar : add nvic
2024-06-28 08:45:15,343 [INFO] IPUIPlugin:80 - create IPUIPlugin
2024-06-28 08:45:15,343 [INFO] PluginManager:220 - loadIPPluginJar : add opamp
2024-06-28 08:45:15,404 [INFO] ThirdPartyUpdaterWithRetryManager:70 - Updater plugin not ready yet. [2/15]
2024-06-28 08:45:15,492 [INFO] IPUIPlugin:80 - create IPUIPlugin
2024-06-28 08:45:15,492 [INFO] PluginManager:220 - loadIPPluginJar : add openamp
2024-06-28 08:45:15,559 [INFO] IPUIPlugin:80 - create IPUIPlugin
2024-06-28 08:45:15,560 [INFO] PluginManager:220 - loadIPPluginJar : add pdm2pcm
2024-06-28 08:45:15,582 [INFO] IPUIPlugin:80 - create IPUIPlugin
2024-06-28 08:45:15,587 [INFO] PluginManager:220 - loadIPPluginJar : add plateformsettings
2024-06-28 08:45:15,618 [INFO] IPUIPlugin:80 - create IPUIPlugin
2024-06-28 08:45:15,618 [INFO] PluginManager:220 - loadIPPluginJar : add quadspi
2024-06-28 08:45:15,636 [INFO] IPUIPlugin:80 - create IPUIPlugin
2024-06-28 08:45:15,636 [INFO] PluginManager:220 - loadIPPluginJar : add resmgrutility
2024-06-28 08:45:15,699 [INFO] IPUIPlugin:80 - create IPUIPlugin
2024-06-28 08:45:15,700 [INFO] PluginManager:220 - loadIPPluginJar : add sai
2024-06-28 08:45:15,751 [INFO] IPUIPlugin:80 - create IPUIPlugin
2024-06-28 08:45:15,751 [INFO] PluginManager:220 - loadIPPluginJar : add spi
2024-06-28 08:45:15,848 [INFO] IPUIPlugin:80 - create IPUIPlugin
2024-06-28 08:45:15,848 [INFO] PluginManager:220 - loadIPPluginJar : add stm32_wpan
2024-06-28 08:45:15,879 [INFO] IPUIPlugin:80 - create IPUIPlugin
2024-06-28 08:45:15,879 [INFO] PluginManager:220 - loadIPPluginJar : add tim
2024-06-28 08:45:15,950 [INFO] IPUIPlugin:80 - create IPUIPlugin
2024-06-28 08:45:15,950 [INFO] PluginManager:220 - loadIPPluginJar : add touchsensing
2024-06-28 08:45:15,978 [INFO] IPUIPlugin:80 - create IPUIPlugin
2024-06-28 08:45:15,978 [INFO] PluginManager:220 - loadIPPluginJar : add tracer_emb
2024-06-28 08:45:16,010 [INFO] IPUIPlugin:80 - create IPUIPlugin
2024-06-28 08:45:16,010 [INFO] PluginManager:220 - loadIPPluginJar : add ts
2024-06-28 08:45:16,035 [INFO] IPUIPlugin:80 - create IPUIPlugin
2024-06-28 08:45:16,035 [INFO] PluginManager:220 - loadIPPluginJar : add tsc
2024-06-28 08:45:16,066 [INFO] IPUIPlugin:80 - create IPUIPlugin
2024-06-28 08:45:16,066 [INFO] PluginManager:220 - loadIPPluginJar : add ucpd
2024-06-28 08:45:16,131 [INFO] IPUIPlugin:80 - create IPUIPlugin
2024-06-28 08:45:16,131 [INFO] PluginManager:220 - loadIPPluginJar : add usart
2024-06-28 08:45:16,189 [INFO] IPUIPlugin:80 - create IPUIPlugin
2024-06-28 08:45:16,189 [INFO] PluginManager:220 - loadIPPluginJar : add usbx
2024-06-28 08:45:16,350 [INFO] CADModel:165 - CPN selected for project level
2024-06-28 08:45:16,350 [INFO] CADModel:114 - Register for checkConnection events
2024-06-28 08:45:16,351 [FATAL] Updater:308 - Updater called before beeing initialized
2024-06-28 08:45:16,351 [ERROR] CADModel:125 - Updater not yet initialized, retry later 
2024-06-28 08:45:16,590 [INFO] CADModel:165 - CPN selected for project level
2024-06-28 08:45:16,590 [INFO] CADModel:114 - Register for checkConnection events
2024-06-28 08:45:16,590 [FATAL] Updater:308 - Updater called before beeing initialized
2024-06-28 08:45:16,590 [ERROR] CADModel:125 - Updater not yet initialized, retry later 
2024-06-28 08:45:16,595 [FATAL] Updater:308 - Updater called before beeing initialized
2024-06-28 08:45:16,758 [FATAL] Updater:308 - Updater called before beeing initialized
2024-06-28 08:45:16,773 [INFO] DbMcusAds:53 - JSON generation date=Thu May 16 16:22:00 ICT 2024 (1715851320852)
2024-06-28 08:45:16,773 [FATAL] Updater:308 - Updater called before beeing initialized
2024-06-28 08:45:16,825 [WARN] DetailPanel:346 - Failed to get advertising image, set to default
2024-06-28 08:45:16,967 [FATAL] Updater:308 - Updater called before beeing initialized
2024-06-28 08:45:16,970 [FATAL] Updater:308 - Updater called before beeing initialized
2024-06-28 08:45:16,971 [FATAL] Updater:308 - Updater called before beeing initialized
2024-06-28 08:45:16,971 [WARN] DetailPanel:346 - Failed to get advertising image, set to default
2024-06-28 08:45:16,973 [FATAL] Updater:308 - Updater called before beeing initialized
2024-06-28 08:45:17,044 [ERROR] Updater:1120 - MainUpdater not yet initialized. External WinMGr cannot be set.
2024-06-28 08:45:17,057 [INFO] Updater:1056 - Updater Version found : 6.11.1
2024-06-28 08:45:17,079 [INFO] ApplicationProperties:184 - Using Application install path: C:\ST\STM32CubeIDE_1.15.1\STM32CubeIDE\plugins\com.st.stm32cube.common.mx_6.11.1.202404110753
2024-06-28 08:45:18,406 [INFO] ThirdPartyUpdaterWithRetryManager:70 - Updater plugin not ready yet. [3/15]
2024-06-28 08:45:18,664 [ERROR] LogOutputStream:75 - [STDERR_REDIRECT] Jun 28, 2024 8:45:18 AM java.util.prefs.WindowsPreferences <init>
2024-06-28 08:45:18,665 [ERROR] LogOutputStream:75 - [STDERR_REDIRECT] WARNING: Could not open/create prefs root node Software\JavaSoft\Prefs at root 0xffffffff80000002. Windows RegCreateKeyEx(...) returned error code 5.
2024-06-28 08:45:18,666 [ERROR] LogOutputStream:75 - [STDERR_REDIRECT] 
2024-06-28 08:45:19,214 [INFO] MainUpdater:2873 - connection check result : 10
2024-06-28 08:45:19,215 [INFO] MainUpdater:290 - Updater Check For Update Now.
2024-06-28 08:45:19,215 [INFO] MicroXplorer:498 - Change Database Version : DB.6.0.111
2024-06-28 08:45:19,273 [INFO] McuFinderGlobals:63 - Set McuFinder mode to 2 (CubeIDE integrated)
2024-06-28 08:45:19,295 [INFO] UserAuth:415 - Internet connection configuration mode: 1
2024-06-28 08:45:19,375 [INFO] JxBrowserEngine:152 - Initiate JxBrowser Engine with user profile folder
2024-06-28 08:45:19,529 [INFO] CheckServerUpdateThread:120 - End of CheckServer Thread
2024-06-28 08:45:21,661 [WARN] PackLoader:240 - Cannot read IP mode file for STMicroelectronics.FP-SNS-MOTENVWB1.1.4.0
2024-06-28 08:45:21,684 [WARN] PackLoader:240 - Cannot read IP mode file for STMicroelectronics.X-CUBE-SMBUS.2.1.0
2024-06-28 08:45:21,701 [WARN] PackLoader:240 - Cannot read IP mode file for STMicroelectronics.X-CUBE-TOUCHGFX.4.23.2
2024-06-28 08:45:21,780 [WARN] PackLoader:240 - Cannot read IP mode file for STMicroelectronics.X-CUBE-AZRTOS-F7.1.1.0
2024-06-28 08:45:21,822 [WARN] PackLoader:240 - Cannot read IP mode file for STMicroelectronics.FP-SNS-FLIGHT1.5.0.2
2024-06-28 08:45:21,843 [WARN] PackLoader:240 - Cannot read IP mode file for STMicroelectronics.X-CUBE-DISPLAY.3.0.0
2024-06-28 08:45:21,869 [WARN] PackLoader:240 - Cannot read IP mode file for STMicroelectronics.X-CUBE-BLE1.7.0.0
2024-06-28 08:45:21,886 [WARN] PackLoader:240 - Cannot read IP mode file for emotas.I-CUBE-CANOPEN.1.3.0
2024-06-28 08:45:21,907 [WARN] PackLoader:240 - Cannot read IP mode file for STMicroelectronics.X-CUBE-BLEMGR.3.1.0
2024-06-28 08:45:21,925 [WARN] PackLoader:240 - Cannot read IP mode file for STMicroelectronics.FP-SNS-SMARTAG2.1.2.0
2024-06-28 08:45:21,946 [INFO] LogOutputStream:77 - [STDOUT_REDIRECT] 1 : Invalid condition id : UX_CORESTACK_Condition cause : null
2024-06-28 08:45:21,947 [INFO] LogOutputStream:77 - [STDOUT_REDIRECT] 1 : Invalid condition id : UX_CORESTACK_Condition cause : null
2024-06-28 08:45:21,948 [INFO] LogOutputStream:77 - [STDOUT_REDIRECT] 1 : Invalid condition id : UX_CORESTACK_Condition cause : null
2024-06-28 08:45:21,948 [INFO] LogOutputStream:77 - [STDOUT_REDIRECT] 1 : Invalid condition id : UX_CORESTACK_Condition cause : null
2024-06-28 08:45:21,949 [INFO] LogOutputStream:77 - [STDOUT_REDIRECT] 1 : Invalid condition id : UX_CORESTACK_Condition cause : null
2024-06-28 08:45:21,952 [WARN] PackLoader:240 - Cannot read IP mode file for STMicroelectronics.X-CUBE-AZRTOS-WL.2.0.0
2024-06-28 08:45:21,967 [WARN] PackLoader:240 - Cannot read IP mode file for STMicroelectronics.FP-SNS-MOTENV1.5.0.0
2024-06-28 08:45:21,982 [WARN] PackLoader:240 - Cannot read IP mode file for wolfSSL.I-CUBE-wolfMQTT.1.19.0
2024-06-28 08:45:22,006 [WARN] PackLoader:240 - Cannot read IP mode file for WES.I-CUBE-Cesium.1.3.0
2024-06-28 08:45:22,032 [WARN] PackLoader:240 - Cannot read IP mode file for STMicroelectronics.X-CUBE-BLE2.3.3.0
2024-06-28 08:45:22,048 [WARN] PackLoader:240 - Cannot read IP mode file for STMicroelectronics.X-CUBE-TCPP.4.1.0
2024-06-28 08:45:22,091 [WARN] PackLoader:240 - Cannot read IP mode file for STMicroelectronics.X-CUBE-AZRTOS-G0.1.1.0
2024-06-28 08:45:22,127 [WARN] PackLoader:240 - Cannot read IP mode file for STMicroelectronics.X-CUBE-SAFEA1.1.2.2
2024-06-28 08:45:22,147 [WARN] PackLoader:240 - Cannot read IP mode file for STMicroelectronics.X-CUBE-NFC4.3.0.0
2024-06-28 08:45:22,166 [WARN] PackLoader:240 - Cannot read IP mode file for wolfSSL.I-CUBE-wolfSSL.5.7.0
2024-06-28 08:45:22,184 [WARN] PackLoader:240 - Cannot read IP mode file for STMicroelectronics.FP-ATR-SIGFOX1.3.2.0
2024-06-28 08:45:22,211 [WARN] PackLoader:240 - Cannot read IP mode file for STMicroelectronics.X-CUBE-EEPRMA1.5.1.0
2024-06-28 08:45:22,232 [WARN] PackLoader:240 - Cannot read IP mode file for ITTIA_DB.I-CUBE-ITTIADB.8.9.0
2024-06-28 08:45:22,270 [WARN] PackLoader:240 - Cannot read IP mode file for SEGGER.I-CUBE-embOS.1.3.1
2024-06-28 08:45:22,350 [WARN] PackLoader:240 - Cannot read IP mode file for STMicroelectronics.X-CUBE-ALGOBUILD.1.4.0
2024-06-28 08:45:22,373 [WARN] PackLoader:240 - Cannot read IP mode file for STMicroelectronics.X-CUBE-GNSS1.6.0.0
2024-06-28 08:45:22,414 [WARN] PackLoader:240 - Cannot read IP mode file for STMicroelectronics.X-CUBE-AZRTOS-F4.1.1.0
2024-06-28 08:45:22,438 [WARN] PackLoader:240 - Cannot read IP mode file for STMicroelectronics.X-CUBE-FREERTOS.1.2.0
2024-06-28 08:45:22,479 [WARN] PackLoader:240 - Cannot read IP mode file for STMicroelectronics.X-CUBE-AZRTOS-L5.2.0.0
2024-06-28 08:45:22,554 [WARN] PackLoader:240 - Cannot read IP mode file for STMicroelectronics.X-CUBE-NFC6.3.1.0
2024-06-28 08:45:22,572 [WARN] PackLoader:240 - Cannot read IP mode file for STMicroelectronics.X-CUBE-AI.9.0.0
2024-06-28 08:45:22,591 [WARN] PackLoader:240 - Cannot read IP mode file for STMicroelectronics.X-CUBE-NFC7.1.0.1
2024-06-28 08:45:22,634 [WARN] ConditionMgr:438 - getConditionDescription Invalid condition id : LAN8742 Phy interface Condition cause : null
2024-06-28 08:45:22,635 [WARN] PackLoader:240 - Cannot read IP mode file for STMicroelectronics.X-CUBE-AZRTOS-L4.2.0.0
2024-06-28 08:45:22,638 [WARN] ConditionMgr:1039 - genDependencies : Invalid condition id : LAN8742 Phy interface Condition cause : null
2024-06-28 08:45:22,638 [WARN] ConditionMgr:1039 - genDependencies : Invalid condition id : LAN8742 Phy interface Condition cause : null
2024-06-28 08:45:22,639 [WARN] ConditionMgr:1039 - genDependencies : Invalid condition id : LAN8742 Phy interface Condition cause : null
2024-06-28 08:45:22,674 [WARN] PackLoader:240 - Cannot read IP mode file for STMicroelectronics.X-CUBE-SFXS2LP1.4.0.0
2024-06-28 08:45:22,709 [WARN] ConditionMgr:438 - getConditionDescription Invalid condition id : UX DEVICE CLASS RTOS Condition cause : null
2024-06-28 08:45:22,710 [WARN] ConditionMgr:438 - getConditionDescription Invalid condition id : UX DEVICE CLASS RTOS Condition cause : null
2024-06-28 08:45:22,712 [WARN] PackLoader:240 - Cannot read IP mode file for STMicroelectronics.X-CUBE-AZRTOS-WB.2.0.0
2024-06-28 08:45:22,713 [WARN] ConditionMgr:1039 - genDependencies : Invalid condition id : UX DEVICE CLASS RTOS Condition cause : null
2024-06-28 08:45:22,713 [WARN] ConditionMgr:1039 - genDependencies : Invalid condition id : UX DEVICE CLASS RTOS Condition cause : null
2024-06-28 08:45:22,714 [WARN] ConditionMgr:1039 - genDependencies : Invalid condition id : UX DEVICE CLASS RTOS Condition cause : null
2024-06-28 08:45:22,714 [WARN] ConditionMgr:1039 - genDependencies : Invalid condition id : UX DEVICE CLASS RTOS Condition cause : null
2024-06-28 08:45:22,715 [WARN] ConditionMgr:1039 - genDependencies : Invalid condition id : UX DEVICE CLASS RTOS Condition cause : null
2024-06-28 08:45:22,743 [WARN] PackLoader:240 - Cannot read IP mode file for STMicroelectronics.X-CUBE-SUBG2.5.0.0
2024-06-28 08:45:22,767 [WARN] PackLoader:240 - Cannot read IP mode file for Cesanta.I-CUBE-Mongoose.7.13.0
2024-06-28 08:45:22,808 [WARN] PackLoader:240 - Cannot read IP mode file for STMicroelectronics.X-CUBE-AZRTOS-G4.2.0.0
2024-06-28 08:45:22,828 [WARN] PackLoader:240 - Cannot read IP mode file for STMicroelectronics.X-CUBE-ISPU.2.0.0
2024-06-28 08:45:22,847 [WARN] PackLoader:240 - Cannot read IP mode file for STMicroelectronics.X-CUBE-ALS.1.0.2
2024-06-28 08:45:22,923 [WARN] PackLoader:240 - Cannot read IP mode file for STMicroelectronics.X-CUBE-MEMS1.10.0.0
2024-06-28 08:45:23,044 [WARN] PackLoader:240 - Cannot read IP mode file for portGmbH.I-Cube-SoM-uGOAL.1.1.0
2024-06-28 08:45:23,083 [WARN] PackLoader:240 - Cannot read IP mode file for STMicroelectronics.X-CUBE-AZRTOS-H7RS.1.0.0
2024-06-28 08:45:23,105 [WARN] PackLoader:240 - Cannot read IP mode file for STMicroelectronics.FP-ATR-ASTRA1.2.0.0
2024-06-28 08:45:23,136 [WARN] PackLoader:240 - Cannot read IP mode file for STMicroelectronics.X-CUBE-TOF1.3.4.1
2024-06-28 08:45:23,188 [WARN] PackLoader:240 - Cannot read IP mode file for STMicroelectronics.X-CUBE-AZRTOS-H7.3.2.0
2024-06-28 08:45:23,222 [WARN] PackLoader:240 - Cannot read IP mode file for Infineon.AIROC-Wi-Fi-Bluetooth-STM32.1.6.0
2024-06-28 08:45:23,225 [INFO] ThirdParty:978 - Integrity check success = true
2024-06-28 08:45:23,225 [INFO] IntegrityCheckThread:100 - exiting critical section [integrity check]
2024-06-28 08:45:23,226 [INFO] IntegrityCheckThread:103 - End integrity checks thread
2024-06-28 08:45:26,033 [INFO] WebApp:161 - Instantiating new browser for Auth
2024-06-28 08:45:26,835 [INFO] WebApp:779 - Register for checkConnection events
2024-06-28 08:45:26,835 [INFO] WebApp:414 - Apply proxy settings
2024-06-28 08:45:26,835 [INFO] WebApp:499 - Chromium requires no authentication
2024-06-28 08:45:26,845 [INFO] WebApp:442 - Direct internet connection detected
2024-06-28 08:45:27,081 [INFO] WebApp:192 - Starting web application
2024-06-28 08:45:27,081 [INFO] WebApp:544 - Web application path used C:\ST\STM32CubeIDE_1.15.1\STM32CubeIDE\plugins\com.st.stm32cube.common.mx_6.11.1.202404110753\db\plugins\mcufinder\reactClient1\index.html
2024-06-28 08:48:39,653 [ERROR] ConfigurationRetriever:142 - IOException on connection: Connection reset
2024-06-28 08:48:39,778 [ERROR] ConfigurationRetriever:142 - IOException on connection: Connection reset
2024-06-28 08:48:40,839 [ERROR] LogOutputStream:75 - [STDERR_REDIRECT] 
2024-06-28 08:48:40,840 [ERROR] LogOutputStream:75 - [STDERR_REDIRECT] 
2024-06-28 08:49:02,309 [INFO] Activator:176 - 


2024-06-28 08:49:02,312 [INFO] Activator:177 - !SESSION log4j initialized
2024-06-28 08:49:07,475 [INFO] LogOutputStream:77 - [STDOUT_REDIRECT] 
2024-06-28 08:49:08,174 [INFO] ApplicationProperties:184 - Using Application install path: C:\ST\STM32CubeIDE_1.15.1\STM32CubeIDE\plugins\com.st.stm32cube.common.mx_6.11.1.202404110753
2024-06-28 08:49:08,193 [INFO] DbMcusXml:78 - Set database path to: C:\ST\STM32CubeIDE_1.15.1\STM32CubeIDE\plugins\com.st.stm32cube.common.mx_6.11.1.202404110753\\db\/mcu/
2024-06-28 08:49:08,194 [INFO] ApiDb:274 - Set plugin database path to: C:\ST\STM32CubeIDE_1.15.1\STM32CubeIDE\plugins\com.st.stm32cube.common.mx_6.11.1.202404110753\\db\/plugins/boardmanager/
2024-06-28 08:49:08,194 [WARN] ApiDb:259 - Overriding images path with different value:  => C:\ST\STM32CubeIDE_1.15.1\STM32CubeIDE\plugins\com.st.stm32cube.common.mx_6.11.1.202404110753\\db\/plugins/mcufinder/images/
2024-06-28 08:49:08,199 [INFO] ApiDb:250 - Set database path to: C:\Users\Admin\.stmcufinder\plugins\mcufinder//mcu/
2024-06-28 08:49:08,201 [INFO] DbMcusAds:125 - Set database path to: C:\Users\Admin\.stmcufinder\plugins\mcufinder//mcu/
2024-06-28 08:49:08,202 [INFO] CrossReferenceDbSqlite:203 - Set database path to: C:\Users\Admin\.stmcufinder\plugins\mcufinder//mcu/cs/
2024-06-28 08:49:08,381 [INFO] RulesReader:64 - Compatibility file has been processed (297 Rules)
2024-06-28 08:49:08,462 [INFO] DbMcusXml:78 - Set database path to: C:\ST\STM32CubeIDE_1.15.1\STM32CubeIDE\plugins\com.st.stm32cube.common.mx_6.11.1.202404110753\\db\/mcu/
2024-06-28 08:49:08,463 [INFO] ApiDb:274 - Set plugin database path to: C:\ST\STM32CubeIDE_1.15.1\STM32CubeIDE\plugins\com.st.stm32cube.common.mx_6.11.1.202404110753\\db\/plugins/boardmanager/
2024-06-28 08:49:08,463 [INFO] ApiDb:261 - Set plugin images path to: C:\ST\STM32CubeIDE_1.15.1\STM32CubeIDE\plugins\com.st.stm32cube.common.mx_6.11.1.202404110753\\db\/plugins/mcufinder/images/
2024-06-28 08:49:08,463 [WARN] DbFile:41 - Overriding database path with different value: C:\Users\Admin\.stmcufinder\plugins\mcufinder/ => C:\Users\Admin\.stmcufinder\plugins\mcufinder
2024-06-28 08:49:08,464 [INFO] ApiDb:250 - Set database path to: C:\Users\Admin\.stmcufinder\plugins\mcufinder//mcu/
2024-06-28 08:49:08,464 [WARN] DbFile:41 - Overriding database path with different value: C:\Users\Admin\.stmcufinder\plugins\mcufinder/ => C:\Users\Admin\.stmcufinder\plugins\mcufinder
2024-06-28 08:49:08,464 [INFO] DbMcusAds:125 - Set database path to: C:\Users\Admin\.stmcufinder\plugins\mcufinder//mcu/
2024-06-28 08:49:08,464 [WARN] DbFile:41 - Overriding database path with different value: C:\Users\Admin\.stmcufinder\plugins\mcufinder/ => C:\Users\Admin\.stmcufinder\plugins\mcufinder
2024-06-28 08:49:08,464 [WARN] DbFile:41 - Overriding database path with different value: C:\Users\Admin\.stmcufinder\plugins\mcufinder/ => C:\Users\Admin\.stmcufinder\plugins\mcufinder
2024-06-28 08:49:08,465 [INFO] CrossReferenceDbSqlite:203 - Set database path to: C:\Users\Admin\.stmcufinder\plugins\mcufinder//mcu/cs/
2024-06-28 08:49:08,555 [INFO] MainPanel:264 - HeapMemory: 268435456
2024-06-28 08:49:08,673 [INFO] DbMcusXml:78 - Set database path to: C:\ST\STM32CubeIDE_1.15.1\STM32CubeIDE\plugins\com.st.stm32cube.common.mx_6.11.1.202404110753\\db\/mcu/
2024-06-28 08:49:08,673 [INFO] ApiDb:274 - Set plugin database path to: C:\ST\STM32CubeIDE_1.15.1\STM32CubeIDE\plugins\com.st.stm32cube.common.mx_6.11.1.202404110753\\db\/plugins/boardmanager/
2024-06-28 08:49:08,673 [INFO] ApiDb:261 - Set plugin images path to: C:\ST\STM32CubeIDE_1.15.1\STM32CubeIDE\plugins\com.st.stm32cube.common.mx_6.11.1.202404110753\\db\/plugins/mcufinder/images/
2024-06-28 08:49:08,674 [WARN] DbFile:41 - Overriding database path with different value: C:\Users\Admin\.stmcufinder\plugins\mcufinder/ => C:\Users\Admin\.stmcufinder\plugins\mcufinder
2024-06-28 08:49:08,674 [INFO] ApiDb:250 - Set database path to: C:\Users\Admin\.stmcufinder\plugins\mcufinder//mcu/
2024-06-28 08:49:08,674 [WARN] DbFile:41 - Overriding database path with different value: C:\Users\Admin\.stmcufinder\plugins\mcufinder/ => C:\Users\Admin\.stmcufinder\plugins\mcufinder
2024-06-28 08:49:08,675 [INFO] DbMcusAds:125 - Set database path to: C:\Users\Admin\.stmcufinder\plugins\mcufinder//mcu/
2024-06-28 08:49:08,675 [WARN] DbFile:41 - Overriding database path with different value: C:\Users\Admin\.stmcufinder\plugins\mcufinder/ => C:\Users\Admin\.stmcufinder\plugins\mcufinder
2024-06-28 08:49:08,675 [WARN] DbFile:41 - Overriding database path with different value: C:\Users\Admin\.stmcufinder\plugins\mcufinder/ => C:\Users\Admin\.stmcufinder\plugins\mcufinder
2024-06-28 08:49:08,675 [INFO] CrossReferenceDbSqlite:203 - Set database path to: C:\Users\Admin\.stmcufinder\plugins\mcufinder//mcu/cs/
2024-06-28 08:49:08,700 [INFO] ApplicationProperties:184 - Using Application install path: C:\ST\STM32CubeIDE_1.15.1\STM32CubeIDE\plugins\com.st.stm32cube.common.mx_6.11.1.202404110753
2024-06-28 08:49:08,702 [INFO] PluginManage:196 - Search for loadable plugins [exclusion list=, ]
2024-06-28 08:49:08,704 [INFO] PluginManage:310 - Check plugin analytics
2024-06-28 08:49:08,911 [INFO] AnalyticsPlugin:253 - Accepted Software Licenses: STM32CubeMX.6.11.1
2024-06-28 08:49:08,912 [INFO] AnalyticsPlugin:255 - Accepted CMSIS Pack Licenses: 
2024-06-28 08:49:08,912 [INFO] AnalyticsPlugin:257 - Accepted Firmware Licenses: FW.F4.1.28.0
2024-06-28 08:49:08,917 [INFO] PluginManage:359 - Loaded plugin analytics (category:tool,tabindex:-1)
2024-06-28 08:49:08,918 [INFO] PluginManage:310 - Check plugin cadmodel
2024-06-28 08:49:08,924 [INFO] CADModel:105 - Init CAD model plugin
2024-06-28 08:49:08,924 [INFO] PluginManage:359 - Loaded plugin cadmodel (category:power,tabindex:5)
2024-06-28 08:49:08,925 [INFO] PluginManage:310 - Check plugin clock
2024-06-28 08:49:08,936 [INFO] PluginManage:359 - Loaded plugin clock (category:base,tabindex:2)
2024-06-28 08:49:08,936 [INFO] PluginManage:310 - Check plugin ddr
2024-06-28 08:49:08,938 [INFO] PluginManage:359 - Loaded plugin ddr (category:tool,tabindex:6)
2024-06-28 08:49:08,938 [INFO] PluginManage:310 - Check plugin filemanager
2024-06-28 08:49:09,040 [ERROR] ConfigurationRetriever:142 - IOException on connection: Connection reset
2024-06-28 08:49:09,119 [INFO] PluginManage:359 - Loaded plugin filemanager (category:base,tabindex:10)
2024-06-28 08:49:09,119 [INFO] PluginManage:310 - Check plugin ipmanager
2024-06-28 08:49:09,129 [INFO] PluginManage:359 - Loaded plugin ipmanager (category:base,tabindex:5)
2024-06-28 08:49:09,129 [INFO] PluginManage:310 - Check plugin lpbam
2024-06-28 08:49:09,141 [INFO] PluginManage:359 - Loaded plugin lpbam (category:base,tabindex:0)
2024-06-28 08:49:09,143 [INFO] PluginManage:310 - Check plugin memorymap
2024-06-28 08:49:09,153 [ERROR] ConfigurationRetriever:142 - IOException on connection: Connection reset
2024-06-28 08:49:09,157 [INFO] PluginManage:359 - Loaded plugin memorymap (category:base,tabindex:4)
2024-06-28 08:49:09,157 [INFO] PluginManage:310 - Check plugin pinoutandconfiguration
2024-06-28 08:49:09,167 [INFO] PluginManage:359 - Loaded plugin pinoutandconfiguration (category:base,tabindex:1)
2024-06-28 08:49:09,168 [INFO] PluginManage:310 - Check plugin pinoutconfig
2024-06-28 08:49:09,270 [ERROR] ConfigurationRetriever:142 - IOException on connection: Connection reset
2024-06-28 08:49:09,284 [WARN] SupportedApi:132 - Cannot load RTOS API schema: s4s-elt-must-match.1: The content of 'definitions' must match (annotation?, (simpleType | complexType)?, (unique | key | keyref)*)). A problem was found starting at: attribute.
2024-06-28 08:49:09,324 [ERROR] ConfigurationRetriever:142 - IOException on connection: Connection reset
2024-06-28 08:49:09,445 [INFO] PluginManage:359 - Loaded plugin pinoutconfig (category:base,tabindex:0)
2024-06-28 08:49:09,445 [INFO] PluginManage:310 - Check plugin power
2024-06-28 08:49:09,447 [ERROR] ConfigurationRetriever:142 - IOException on connection: Connection reset
2024-06-28 08:49:09,459 [INFO] PluginManage:359 - Loaded plugin power (category:power,tabindex:4)
2024-06-28 08:49:09,459 [INFO] PluginManage:310 - Check plugin projectmanager
2024-06-28 08:49:09,481 [INFO] PluginManage:359 - Loaded plugin projectmanager (category:projectmanager,tabindex:3)
2024-06-28 08:49:09,482 [INFO] PluginManage:310 - Check plugin thirdparty
2024-06-28 08:49:09,642 [INFO] PluginManage:359 - Loaded plugin thirdparty (category:base,tabindex:-1)
2024-06-28 08:49:09,642 [INFO] PluginManage:310 - Check plugin tools
2024-06-28 08:49:09,642 [WARN] IntegrityCheckThread:84 - waiting for thirdparty lock release [integrity check]
2024-06-28 08:49:09,643 [INFO] IntegrityCheckThread:86 - entering critical section [integrity check]
2024-06-28 08:49:09,643 [INFO] ThirdPartyUpdaterWithRetryManager:70 - Updater plugin not ready yet. [1/15]
2024-06-28 08:49:09,645 [INFO] PluginManage:359 - Loaded plugin tools (category:base,tabindex:7)
2024-06-28 08:49:09,645 [INFO] PluginManage:310 - Check plugin tutovideos
2024-06-28 08:49:09,891 [INFO] PluginManage:359 - Loaded plugin tutovideos (category:base,tabindex:-1)
2024-06-28 08:49:09,891 [INFO] PluginManage:310 - Check plugin updater
2024-06-28 08:49:09,904 [INFO] PluginManage:359 - Loaded plugin updater (category:base,tabindex:12)
2024-06-28 08:49:09,904 [INFO] PluginManage:310 - Check plugin userauth
2024-06-28 08:49:09,911 [INFO] UserAuth:114 - Init User Auth plugin
2024-06-28 08:49:09,911 [INFO] PluginManage:359 - Loaded plugin userauth (category:base,tabindex:14)
2024-06-28 08:49:09,912 [INFO] PluginManage:283 - PluginManage : Loaded plugins [17]
2024-06-28 08:49:10,187 [INFO] PinOutPanel:1561 - setPackage(No Configuration,No Configuration)
2024-06-28 08:49:10,282 [INFO] CADModel:165 - CPN selected for project level
2024-06-28 08:49:10,283 [INFO] CADModel:114 - Register for checkConnection events
2024-06-28 08:49:10,307 [INFO] IPUIPlugin:80 - create IPUIPlugin
2024-06-28 08:49:10,307 [INFO] PluginManager:220 - loadIPPluginJar : add adc
2024-06-28 08:49:10,311 [INFO] IPUIPlugin:80 - create IPUIPlugin
2024-06-28 08:49:10,311 [INFO] PluginManager:220 - loadIPPluginJar : add aes
2024-06-28 08:49:10,315 [INFO] IPUIPlugin:80 - create IPUIPlugin
2024-06-28 08:49:10,315 [INFO] PluginManager:220 - loadIPPluginJar : add can
2024-06-28 08:49:10,318 [INFO] IPUIPlugin:80 - create IPUIPlugin
2024-06-28 08:49:10,318 [INFO] PluginManager:220 - loadIPPluginJar : add comp
2024-06-28 08:49:10,320 [INFO] IPUIPlugin:80 - create IPUIPlugin
2024-06-28 08:49:10,321 [INFO] PluginManager:220 - loadIPPluginJar : add cryp
2024-06-28 08:49:10,324 [INFO] IPUIPlugin:80 - create IPUIPlugin
2024-06-28 08:49:10,324 [INFO] PluginManager:220 - loadIPPluginJar : add dfsdm
2024-06-28 08:49:10,331 [INFO] IPUIPlugin:80 - create IPUIPlugin
2024-06-28 08:49:10,332 [INFO] PluginManager:220 - loadIPPluginJar : add dma
2024-06-28 08:49:10,336 [INFO] IPUIPlugin:80 - create IPUIPlugin
2024-06-28 08:49:10,336 [INFO] PluginManager:220 - loadIPPluginJar : add dma3
2024-06-28 08:49:10,340 [INFO] IPUIPlugin:80 - create IPUIPlugin
2024-06-28 08:49:10,340 [INFO] PluginManager:220 - loadIPPluginJar : add extmemmanager
2024-06-28 08:49:10,341 [INFO] IPUIPlugin:80 - create IPUIPlugin
2024-06-28 08:49:10,341 [INFO] PluginManager:220 - loadIPPluginJar : add fatfs
2024-06-28 08:49:10,347 [INFO] IPUIPlugin:80 - create IPUIPlugin
2024-06-28 08:49:10,348 [INFO] PluginManager:220 - loadIPPluginJar : add fmc
2024-06-28 08:49:10,356 [INFO] IPUIPlugin:80 - create IPUIPlugin
2024-06-28 08:49:10,356 [INFO] PluginManager:220 - loadIPPluginJar : add freertos
2024-06-28 08:49:10,358 [INFO] IPUIPlugin:80 - create IPUIPlugin
2024-06-28 08:49:10,358 [INFO] PluginManager:220 - loadIPPluginJar : add genericplugin
2024-06-28 08:49:10,360 [INFO] IPUIPlugin:80 - create IPUIPlugin
2024-06-28 08:49:10,360 [INFO] PluginManager:220 - loadIPPluginJar : add gfxmmu
2024-06-28 08:49:10,366 [INFO] IPUIPlugin:80 - create IPUIPlugin
2024-06-28 08:49:10,366 [INFO] PluginManager:220 - loadIPPluginJar : add gic
2024-06-28 08:49:10,372 [INFO] IPUIPlugin:80 - create IPUIPlugin
2024-06-28 08:49:10,373 [INFO] PluginManager:220 - loadIPPluginJar : add gpio
2024-06-28 08:49:10,376 [INFO] IPUIPlugin:80 - create IPUIPlugin
2024-06-28 08:49:10,377 [INFO] PluginManager:220 - loadIPPluginJar : add gtzc
2024-06-28 08:49:10,379 [INFO] IPUIPlugin:80 - create IPUIPlugin
2024-06-28 08:49:10,379 [INFO] PluginManager:220 - loadIPPluginJar : add hash
2024-06-28 08:49:10,383 [INFO] IPUIPlugin:80 - create IPUIPlugin
2024-06-28 08:49:10,383 [INFO] PluginManager:220 - loadIPPluginJar : add i2c
2024-06-28 08:49:10,386 [INFO] IPUIPlugin:80 - create IPUIPlugin
2024-06-28 08:49:10,386 [INFO] PluginManager:220 - loadIPPluginJar : add i2s
2024-06-28 08:49:10,389 [INFO] IPUIPlugin:80 - create IPUIPlugin
2024-06-28 08:49:10,389 [INFO] PluginManager:220 - loadIPPluginJar : add i3c
2024-06-28 08:49:10,393 [INFO] IPUIPlugin:80 - create IPUIPlugin
2024-06-28 08:49:10,393 [INFO] PluginManager:220 - loadIPPluginJar : add ipddr
2024-06-28 08:49:10,404 [INFO] IPUIPlugin:80 - create IPUIPlugin
2024-06-28 08:49:10,404 [INFO] PluginManager:220 - loadIPPluginJar : add linkedlist
2024-06-28 08:49:10,408 [INFO] IPUIPlugin:80 - create IPUIPlugin
2024-06-28 08:49:10,408 [INFO] PluginManager:220 - loadIPPluginJar : add lorawan
2024-06-28 08:49:10,410 [INFO] IPUIPlugin:80 - create IPUIPlugin
2024-06-28 08:49:10,410 [INFO] PluginManager:220 - loadIPPluginJar : add ltdc
2024-06-28 08:49:10,417 [INFO] IPUIPlugin:80 - create IPUIPlugin
2024-06-28 08:49:10,417 [INFO] PluginManager:220 - loadIPPluginJar : add mdma
2024-06-28 08:49:10,421 [INFO] IPUIPlugin:80 - create IPUIPlugin
2024-06-28 08:49:10,421 [INFO] PluginManager:220 - loadIPPluginJar : add nvic
2024-06-28 08:49:10,424 [INFO] IPUIPlugin:80 - create IPUIPlugin
2024-06-28 08:49:10,425 [INFO] PluginManager:220 - loadIPPluginJar : add opamp
2024-06-28 08:49:10,428 [INFO] IPUIPlugin:80 - create IPUIPlugin
2024-06-28 08:49:10,428 [INFO] PluginManager:220 - loadIPPluginJar : add openamp
2024-06-28 08:49:10,431 [INFO] IPUIPlugin:80 - create IPUIPlugin
2024-06-28 08:49:10,432 [INFO] PluginManager:220 - loadIPPluginJar : add pdm2pcm
2024-06-28 08:49:10,439 [INFO] IPUIPlugin:80 - create IPUIPlugin
2024-06-28 08:49:10,443 [INFO] PluginManager:220 - loadIPPluginJar : add plateformsettings
2024-06-28 08:49:10,445 [INFO] IPUIPlugin:80 - create IPUIPlugin
2024-06-28 08:49:10,445 [INFO] PluginManager:220 - loadIPPluginJar : add quadspi
2024-06-28 08:49:10,449 [INFO] IPUIPlugin:80 - create IPUIPlugin
2024-06-28 08:49:10,450 [INFO] PluginManager:220 - loadIPPluginJar : add resmgrutility
2024-06-28 08:49:10,454 [INFO] IPUIPlugin:80 - create IPUIPlugin
2024-06-28 08:49:10,454 [INFO] PluginManager:220 - loadIPPluginJar : add sai
2024-06-28 08:49:10,457 [INFO] IPUIPlugin:80 - create IPUIPlugin
2024-06-28 08:49:10,457 [INFO] PluginManager:220 - loadIPPluginJar : add spi
2024-06-28 08:49:10,462 [INFO] IPUIPlugin:80 - create IPUIPlugin
2024-06-28 08:49:10,462 [INFO] PluginManager:220 - loadIPPluginJar : add stm32_wpan
2024-06-28 08:49:10,464 [INFO] IPUIPlugin:80 - create IPUIPlugin
2024-06-28 08:49:10,464 [INFO] PluginManager:220 - loadIPPluginJar : add tim
2024-06-28 08:49:10,470 [INFO] IPUIPlugin:80 - create IPUIPlugin
2024-06-28 08:49:10,470 [INFO] PluginManager:220 - loadIPPluginJar : add touchsensing
2024-06-28 08:49:10,473 [INFO] IPUIPlugin:80 - create IPUIPlugin
2024-06-28 08:49:10,473 [INFO] PluginManager:220 - loadIPPluginJar : add tracer_emb
2024-06-28 08:49:10,475 [INFO] IPUIPlugin:80 - create IPUIPlugin
2024-06-28 08:49:10,475 [INFO] PluginManager:220 - loadIPPluginJar : add ts
2024-06-28 08:49:10,476 [INFO] IPUIPlugin:80 - create IPUIPlugin
2024-06-28 08:49:10,476 [INFO] PluginManager:220 - loadIPPluginJar : add tsc
2024-06-28 08:49:10,479 [INFO] IPUIPlugin:80 - create IPUIPlugin
2024-06-28 08:49:10,479 [INFO] PluginManager:220 - loadIPPluginJar : add ucpd
2024-06-28 08:49:10,484 [INFO] IPUIPlugin:80 - create IPUIPlugin
2024-06-28 08:49:10,484 [INFO] PluginManager:220 - loadIPPluginJar : add usart
2024-06-28 08:49:10,488 [INFO] IPUIPlugin:80 - create IPUIPlugin
2024-06-28 08:49:10,489 [INFO] PluginManager:220 - loadIPPluginJar : add usbx
2024-06-28 08:49:10,644 [INFO] CADModel:165 - CPN selected for project level
2024-06-28 08:49:10,644 [INFO] CADModel:114 - Register for checkConnection events
2024-06-28 08:49:10,645 [FATAL] Updater:308 - Updater called before beeing initialized
2024-06-28 08:49:10,645 [ERROR] CADModel:125 - Updater not yet initialized, retry later 
2024-06-28 08:49:10,857 [INFO] CADModel:165 - CPN selected for project level
2024-06-28 08:49:10,857 [INFO] CADModel:114 - Register for checkConnection events
2024-06-28 08:49:10,857 [FATAL] Updater:308 - Updater called before beeing initialized
2024-06-28 08:49:10,857 [ERROR] CADModel:125 - Updater not yet initialized, retry later 
2024-06-28 08:49:10,861 [FATAL] Updater:308 - Updater called before beeing initialized
2024-06-28 08:49:11,029 [FATAL] Updater:308 - Updater called before beeing initialized
2024-06-28 08:49:11,036 [INFO] DbMcusAds:53 - JSON generation date=Thu May 16 16:22:00 ICT 2024 (1715851320852)
2024-06-28 08:49:11,036 [FATAL] Updater:308 - Updater called before beeing initialized
2024-06-28 08:49:11,080 [WARN] DetailPanel:346 - Failed to get advertising image, set to default
2024-06-28 08:49:11,196 [FATAL] Updater:308 - Updater called before beeing initialized
2024-06-28 08:49:11,198 [FATAL] Updater:308 - Updater called before beeing initialized
2024-06-28 08:49:11,198 [FATAL] Updater:308 - Updater called before beeing initialized
2024-06-28 08:49:11,198 [WARN] DetailPanel:346 - Failed to get advertising image, set to default
2024-06-28 08:49:11,199 [FATAL] Updater:308 - Updater called before beeing initialized
2024-06-28 08:49:11,283 [ERROR] Updater:1120 - MainUpdater not yet initialized. External WinMGr cannot be set.
2024-06-28 08:49:11,285 [INFO] Updater:1056 - Updater Version found : 6.11.1
2024-06-28 08:49:11,320 [INFO] ApplicationProperties:184 - Using Application install path: C:\ST\STM32CubeIDE_1.15.1\STM32CubeIDE\plugins\com.st.stm32cube.common.mx_6.11.1.202404110753
2024-06-28 08:49:12,645 [INFO] ThirdPartyUpdaterWithRetryManager:70 - Updater plugin not ready yet. [2/15]
2024-06-28 08:49:12,909 [ERROR] LogOutputStream:75 - [STDERR_REDIRECT] Jun 28, 2024 8:49:12 AM java.util.prefs.WindowsPreferences <init>
2024-06-28 08:49:12,911 [ERROR] LogOutputStream:75 - [STDERR_REDIRECT] WARNING: Could not open/create prefs root node Software\JavaSoft\Prefs at root 0xffffffff80000002. Windows RegCreateKeyEx(...) returned error code 5.
2024-06-28 08:49:12,911 [ERROR] LogOutputStream:75 - [STDERR_REDIRECT] 
2024-06-28 08:49:13,423 [INFO] MainUpdater:2873 - connection check result : 10
2024-06-28 08:49:13,424 [INFO] MainUpdater:290 - Updater Check For Update Now.
2024-06-28 08:49:13,424 [INFO] MicroXplorer:498 - Change Database Version : DB.6.0.111
2024-06-28 08:49:13,431 [INFO] McuFinderGlobals:63 - Set McuFinder mode to 2 (CubeIDE integrated)
2024-06-28 08:49:13,438 [INFO] UserAuth:415 - Internet connection configuration mode: 1
2024-06-28 08:49:13,463 [INFO] JxBrowserEngine:152 - Initiate JxBrowser Engine with user profile folder
2024-06-28 08:49:13,659 [INFO] CheckServerUpdateThread:120 - End of CheckServer Thread
2024-06-28 08:49:14,067 [INFO] WebApp:161 - Instantiating new browser for Auth
2024-06-28 08:49:14,576 [INFO] WebApp:779 - Register for checkConnection events
2024-06-28 08:49:14,576 [INFO] WebApp:414 - Apply proxy settings
2024-06-28 08:49:14,576 [INFO] WebApp:499 - Chromium requires no authentication
2024-06-28 08:49:14,585 [INFO] WebApp:442 - Direct internet connection detected
2024-06-28 08:49:14,795 [INFO] WebApp:192 - Starting web application
2024-06-28 08:49:14,795 [INFO] WebApp:544 - Web application path used C:\ST\STM32CubeIDE_1.15.1\STM32CubeIDE\plugins\com.st.stm32cube.common.mx_6.11.1.202404110753\db\plugins\mcufinder\reactClient1\index.html
2024-06-28 08:49:15,848 [WARN] PackLoader:240 - Cannot read IP mode file for STMicroelectronics.FP-SNS-MOTENVWB1.1.4.0
2024-06-28 08:49:15,865 [WARN] PackLoader:240 - Cannot read IP mode file for STMicroelectronics.X-CUBE-SMBUS.2.1.0
2024-06-28 08:49:15,872 [WARN] PackLoader:240 - Cannot read IP mode file for STMicroelectronics.X-CUBE-TOUCHGFX.4.23.2
2024-06-28 08:49:15,929 [WARN] PackLoader:240 - Cannot read IP mode file for STMicroelectronics.X-CUBE-AZRTOS-F7.1.1.0
2024-06-28 08:49:15,947 [WARN] PackLoader:240 - Cannot read IP mode file for STMicroelectronics.FP-SNS-FLIGHT1.5.0.2
2024-06-28 08:49:15,965 [WARN] PackLoader:240 - Cannot read IP mode file for STMicroelectronics.X-CUBE-DISPLAY.3.0.0
2024-06-28 08:49:15,987 [WARN] PackLoader:240 - Cannot read IP mode file for STMicroelectronics.X-CUBE-BLE1.7.0.0
2024-06-28 08:49:15,994 [WARN] PackLoader:240 - Cannot read IP mode file for emotas.I-CUBE-CANOPEN.1.3.0
2024-06-28 08:49:16,011 [WARN] PackLoader:240 - Cannot read IP mode file for STMicroelectronics.X-CUBE-BLEMGR.3.1.0
2024-06-28 08:49:16,023 [WARN] PackLoader:240 - Cannot read IP mode file for STMicroelectronics.FP-SNS-SMARTAG2.1.2.0
2024-06-28 08:49:16,033 [INFO] LogOutputStream:77 - [STDOUT_REDIRECT] 1 : Invalid condition id : UX_CORESTACK_Condition cause : null
2024-06-28 08:49:16,035 [INFO] LogOutputStream:77 - [STDOUT_REDIRECT] 1 : Invalid condition id : UX_CORESTACK_Condition cause : null
2024-06-28 08:49:16,037 [INFO] LogOutputStream:77 - [STDOUT_REDIRECT] 1 : Invalid condition id : UX_CORESTACK_Condition cause : null
2024-06-28 08:49:16,039 [INFO] LogOutputStream:77 - [STDOUT_REDIRECT] 1 : Invalid condition id : UX_CORESTACK_Condition cause : null
2024-06-28 08:49:16,040 [INFO] LogOutputStream:77 - [STDOUT_REDIRECT] 1 : Invalid condition id : UX_CORESTACK_Condition cause : null
2024-06-28 08:49:16,043 [WARN] PackLoader:240 - Cannot read IP mode file for STMicroelectronics.X-CUBE-AZRTOS-WL.2.0.0
2024-06-28 08:49:16,051 [WARN] PackLoader:240 - Cannot read IP mode file for STMicroelectronics.FP-SNS-MOTENV1.5.0.0
2024-06-28 08:49:16,057 [WARN] PackLoader:240 - Cannot read IP mode file for wolfSSL.I-CUBE-wolfMQTT.1.19.0
2024-06-28 08:49:16,069 [WARN] PackLoader:240 - Cannot read IP mode file for WES.I-CUBE-Cesium.1.3.0
2024-06-28 08:49:16,075 [WARN] PackLoader:240 - Cannot read IP mode file for STMicroelectronics.X-CUBE-BLE2.3.3.0
2024-06-28 08:49:16,083 [WARN] PackLoader:240 - Cannot read IP mode file for STMicroelectronics.X-CUBE-TCPP.4.1.0
2024-06-28 08:49:16,108 [WARN] PackLoader:240 - Cannot read IP mode file for STMicroelectronics.X-CUBE-AZRTOS-G0.1.1.0
2024-06-28 08:49:16,123 [WARN] PackLoader:240 - Cannot read IP mode file for STMicroelectronics.X-CUBE-SAFEA1.1.2.2
2024-06-28 08:49:16,131 [WARN] PackLoader:240 - Cannot read IP mode file for STMicroelectronics.X-CUBE-NFC4.3.0.0
2024-06-28 08:49:16,140 [WARN] PackLoader:240 - Cannot read IP mode file for wolfSSL.I-CUBE-wolfSSL.5.7.0
2024-06-28 08:49:16,145 [WARN] PackLoader:240 - Cannot read IP mode file for STMicroelectronics.FP-ATR-SIGFOX1.3.2.0
2024-06-28 08:49:16,154 [WARN] PackLoader:240 - Cannot read IP mode file for STMicroelectronics.X-CUBE-EEPRMA1.5.1.0
2024-06-28 08:49:16,174 [WARN] PackLoader:240 - Cannot read IP mode file for ITTIA_DB.I-CUBE-ITTIADB.8.9.0
2024-06-28 08:49:16,220 [WARN] PackLoader:240 - Cannot read IP mode file for SEGGER.I-CUBE-embOS.1.3.1
2024-06-28 08:49:16,280 [WARN] PackLoader:240 - Cannot read IP mode file for STMicroelectronics.X-CUBE-ALGOBUILD.1.4.0
2024-06-28 08:49:16,288 [WARN] PackLoader:240 - Cannot read IP mode file for STMicroelectronics.X-CUBE-GNSS1.6.0.0
2024-06-28 08:49:16,307 [WARN] PackLoader:240 - Cannot read IP mode file for STMicroelectronics.X-CUBE-AZRTOS-F4.1.1.0
2024-06-28 08:49:16,315 [WARN] PackLoader:240 - Cannot read IP mode file for STMicroelectronics.X-CUBE-FREERTOS.1.2.0
2024-06-28 08:49:16,334 [WARN] PackLoader:240 - Cannot read IP mode file for STMicroelectronics.X-CUBE-AZRTOS-L5.2.0.0
2024-06-28 08:49:16,345 [WARN] PackLoader:240 - Cannot read IP mode file for STMicroelectronics.X-CUBE-NFC6.3.1.0
2024-06-28 08:49:16,353 [WARN] PackLoader:240 - Cannot read IP mode file for STMicroelectronics.X-CUBE-AI.9.0.0
2024-06-28 08:49:16,359 [WARN] PackLoader:240 - Cannot read IP mode file for STMicroelectronics.X-CUBE-NFC7.1.0.1
2024-06-28 08:49:16,380 [WARN] ConditionMgr:438 - getConditionDescription Invalid condition id : LAN8742 Phy interface Condition cause : null
2024-06-28 08:49:16,381 [WARN] PackLoader:240 - Cannot read IP mode file for STMicroelectronics.X-CUBE-AZRTOS-L4.2.0.0
2024-06-28 08:49:16,383 [WARN] ConditionMgr:1039 - genDependencies : Invalid condition id : LAN8742 Phy interface Condition cause : null
2024-06-28 08:49:16,384 [WARN] ConditionMgr:1039 - genDependencies : Invalid condition id : LAN8742 Phy interface Condition cause : null
2024-06-28 08:49:16,385 [WARN] ConditionMgr:1039 - genDependencies : Invalid condition id : LAN8742 Phy interface Condition cause : null
2024-06-28 08:49:16,394 [WARN] PackLoader:240 - Cannot read IP mode file for STMicroelectronics.X-CUBE-SFXS2LP1.4.0.0
2024-06-28 08:49:16,408 [WARN] ConditionMgr:438 - getConditionDescription Invalid condition id : UX DEVICE CLASS RTOS Condition cause : null
2024-06-28 08:49:16,409 [WARN] ConditionMgr:438 - getConditionDescription Invalid condition id : UX DEVICE CLASS RTOS Condition cause : null
2024-06-28 08:49:16,410 [WARN] PackLoader:240 - Cannot read IP mode file for STMicroelectronics.X-CUBE-AZRTOS-WB.2.0.0
2024-06-28 08:49:16,411 [WARN] ConditionMgr:1039 - genDependencies : Invalid condition id : UX DEVICE CLASS RTOS Condition cause : null
2024-06-28 08:49:16,411 [WARN] ConditionMgr:1039 - genDependencies : Invalid condition id : UX DEVICE CLASS RTOS Condition cause : null
2024-06-28 08:49:16,411 [WARN] ConditionMgr:1039 - genDependencies : Invalid condition id : UX DEVICE CLASS RTOS Condition cause : null
2024-06-28 08:49:16,411 [WARN] ConditionMgr:1039 - genDependencies : Invalid condition id : UX DEVICE CLASS RTOS Condition cause : null
2024-06-28 08:49:16,412 [WARN] ConditionMgr:1039 - genDependencies : Invalid condition id : UX DEVICE CLASS RTOS Condition cause : null
2024-06-28 08:49:16,421 [WARN] PackLoader:240 - Cannot read IP mode file for STMicroelectronics.X-CUBE-SUBG2.5.0.0
2024-06-28 08:49:16,429 [WARN] PackLoader:240 - Cannot read IP mode file for Cesanta.I-CUBE-Mongoose.7.13.0
2024-06-28 08:49:16,441 [WARN] PackLoader:240 - Cannot read IP mode file for STMicroelectronics.X-CUBE-AZRTOS-G4.2.0.0
2024-06-28 08:49:16,446 [WARN] PackLoader:240 - Cannot read IP mode file for STMicroelectronics.X-CUBE-ISPU.2.0.0
2024-06-28 08:49:16,454 [WARN] PackLoader:240 - Cannot read IP mode file for STMicroelectronics.X-CUBE-ALS.1.0.2
2024-06-28 08:49:16,543 [WARN] PackLoader:240 - Cannot read IP mode file for STMicroelectronics.X-CUBE-MEMS1.10.0.0
2024-06-28 08:49:16,683 [WARN] PackLoader:240 - Cannot read IP mode file for portGmbH.I-Cube-SoM-uGOAL.1.1.0
2024-06-28 08:49:16,696 [WARN] PackLoader:240 - Cannot read IP mode file for STMicroelectronics.X-CUBE-AZRTOS-H7RS.1.0.0
2024-06-28 08:49:16,703 [WARN] PackLoader:240 - Cannot read IP mode file for STMicroelectronics.FP-ATR-ASTRA1.2.0.0
2024-06-28 08:49:16,713 [WARN] PackLoader:240 - Cannot read IP mode file for STMicroelectronics.X-CUBE-TOF1.3.4.1
2024-06-28 08:49:16,747 [WARN] PackLoader:240 - Cannot read IP mode file for STMicroelectronics.X-CUBE-AZRTOS-H7.3.2.0
2024-06-28 08:49:16,769 [WARN] PackLoader:240 - Cannot read IP mode file for Infineon.AIROC-Wi-Fi-Bluetooth-STM32.1.6.0
2024-06-28 08:49:16,774 [INFO] ThirdParty:978 - Integrity check success = true
2024-06-28 08:49:16,775 [INFO] IntegrityCheckThread:100 - exiting critical section [integrity check]
2024-06-28 08:49:16,775 [INFO] IntegrityCheckThread:103 - End integrity checks thread
2024-06-28 09:13:31,050 [INFO] McuFinderGlobals:63 - Set McuFinder mode to 2 (CubeIDE integrated)
2024-06-28 09:13:31,090 [INFO] MainUpdater:2873 - connection check result : 10
2024-06-28 09:13:31,132 [INFO] McuFinderGlobals:76 - Set McuFinderConnectedMode to true
2024-06-28 09:13:32,472 [INFO] ServerAccessManage:473 - Download File mcusAds.json._tmp_
2024-06-28 09:13:32,603 [INFO] LoadUrlFilesThread:156 - End of LoadUrlFiles Thread
2024-06-28 09:13:32,853 [INFO] ServerAccessManage:473 - Download File cube-finder-db.zip
2024-06-28 09:14:57,114 [INFO] FileExtend:240 - Unzip File : cube-finder-db.zip
2024-06-28 09:14:57,115 [INFO] FileExtend:255 - Standard Zip Deflate
2024-06-28 09:14:58,146 [INFO] LoadUrlFilesThread:156 - End of LoadUrlFiles Thread
2024-06-28 09:14:59,744 [INFO] ServerAccessManage:473 - Download File crdb.zip
2024-06-28 09:15:05,566 [INFO] FileExtend:240 - Unzip File : crdb.zip
2024-06-28 09:15:05,567 [INFO] FileExtend:255 - Standard Zip Deflate
2024-06-28 09:15:05,735 [INFO] LoadUrlFilesThread:156 - End of LoadUrlFiles Thread
2024-06-28 09:15:06,111 [ERROR] ServerAccessManage:1172 - Problem during Server Connection :  IO error Connection reset
2024-06-28 09:15:06,112 [ERROR] ServerAccessManage:651 - Problem during Server Connection :  : tutoVideoDB.zip.
2024-06-28 09:15:07,680 [INFO] LoadUrlFilesThread:156 - End of LoadUrlFiles Thread
2024-06-28 09:15:08,833 [INFO] DbMcusAds:53 - JSON generation date=Thu May 16 16:22:00 ICT 2024 (1715851320852)
2024-06-28 09:15:08,856 [ERROR] TargetSelectorAdapter:267 - Unable to refresh data
2024-06-28 09:15:09,487 [INFO] ApiDb:581 - Connected to CubeFinder SQLite database (C:\Users\Admin\.stmcufinder\plugins\mcufinder\mcu\cube-finder-db.db)
2024-06-28 09:15:09,575 [INFO] ApiDb:668 - CubeFinder database Data Model version=2.1
2024-06-28 09:15:09,576 [INFO] ApiDb:669 - CubeFinder database Configuration version=3.0.39
2024-06-28 09:15:09,577 [INFO] ApiDb:670 - CubeFinder database generation date=2024-06-05 (1717578087)
2024-06-28 09:15:09,577 [INFO] ApiDb:671 - CubeFinder database FW Pack versions=[FP-ATR-ASTRA1_V2.0.0, FP-SNS-FLIGHT1_V5.0.1, FP-SNS-FLIGHT1_V5.0.2, FP-SNS-MOTENV1_V4.3.1, FP-SNS-MOTENV1_V4.3.2, FP-SNS-MOTENV1_V5.0.0, FP-SNS-MOTENVWB1_V1.4.0, FP-SNS-SMARTAG2_V1.2.0, STM32Cube_FW_C0_V1.1.0, STM32Cube_FW_F4_V1.28.0, STM32Cube_FW_F7_V1.17.2, STM32Cube_FW_G0_V1.6.2, STM32Cube_FW_G4_V1.5.2, STM32Cube_FW_H5_V0.5.1, STM32Cube_FW_H5_V1.1.1, STM32Cube_FW_H5_V1.2.0, STM32Cube_FW_H5_V1.2.0RC4, STM32Cube_FW_H7RS_V1.0.0, STM32Cube_FW_H7RS_V1.0.0RC4, STM32Cube_FW_H7_V1.11.2, STM32Cube_FW_L0_V1.12.2, STM32Cube_FW_L5_V1.5.1, STM32Cube_FW_U0_V1.0.0, STM32Cube_FW_U0_V1.0.0RC1, STM32Cube_FW_U5_V1.3.0RC4, STM32Cube_FW_U5_V1.5.0, STM32Cube_FW_U5_V1.5.0RC1, STM32Cube_FW_WBA_V1.0.0RC1, STM32Cube_FW_WBA_V1.2.0, STM32Cube_FW_WBA_V1.2.0RC2, STM32Cube_FW_WBA_V1.3.0RC1, STM32Cube_FW_WBA_V1.3.1, STM32Cube_FW_WB_V1.15.0RC1, STM32Cube_FW_WB_V1.16.0, STM32Cube_FW_WB_V1.16.0RC2, STM32Cube_FW_WB_V1.18.0, STM32Cube_FW_WB_V1.19.0, STM32Cube_FW_WL_V1.3.0, X-CUBE-ALGOBUILD_V1.4.0, X-CUBE-ALS_V1.0.1, X-CUBE-ALS_V1.0.2, X-CUBE-AZRTOS-F4_V1.1.0, X-CUBE-AZRTOS-F7_V1.1.0, X-CUBE-AZRTOS-G0_V1.1.0, X-CUBE-AZRTOS-G4_V2.0.0, X-CUBE-AZRTOS-H7RS_V1.0.0, X-CUBE-AZRTOS-H7_V3.2.0, X-CUBE-AZRTOS-L4_V1.0.0, X-CUBE-AZRTOS-L4_V2.0.0, X-CUBE-AZRTOS-L5_V1.1.0, X-CUBE-AZRTOS-WB_V2.0.0, X-CUBE-AZRTOS-WL_V2.0.0, X-CUBE-BLE1_V7.0.0, X-CUBE-BLE2_V3.3.0, X-CUBE-BLEMGR_V3.1.0, X-CUBE-EEPRMA1_V4.1.0, X-CUBE-EEPRMA1_V5.1.0, X-CUBE-FREERTOS_V1.2.0, X-CUBE-GNSS1_V6.0.0, X-CUBE-MEMS1_V10.0.0, X-CUBE-MEMS1_V9.1.0, X-CUBE-MEMS1_V9.4.0, X-CUBE-MEMS1_V9.6.0, X-CUBE-NFC4_V3.0.0, X-CUBE-NFC7_V1.0.1, X-CUBE-SFXS2LP1_V4.0.0, X-CUBE-SUBG2_V5.0.0, X-CUBE-TOF1_V3.4.1]
2024-06-28 09:15:09,651 [INFO] DbBoardsSqlite:226 - include board P-NUCLEO-WB55-NUCLEO as a kit item of type 'Nucleo-64'
2024-06-28 09:15:09,652 [INFO] DbBoardsSqlite:226 - include board P-NUCLEO-WB55-USBDONGLE as a kit item of type 'Nucleo USB Dongle'
2024-06-28 09:15:09,652 [INFO] DbBoardsSqlite:226 - include board STEVAL-IDP005V1 as a kit item of type 'Evaluation Board'
2024-06-28 09:15:09,652 [INFO] DbBoardsSqlite:226 - include board STEVAL-IDP005V2 as a kit item of type 'Evaluation Board'
2024-06-28 09:15:09,714 [INFO] ApiDb:240 - Found 483 in-development CPN: [B-G473E-ZEST1S, B-WB1M-WPAN1, B-WL5M-SUBG1, NUCLEO-C031C6, NUCLEO-H503RB, NUCLEO-H533RE, NUCLEO-H563ZI, NUCLEO-H7S3L8, NUCLEO-U031R8, NUCLEO-U083RC, NUCLEO-U545RE-Q, NUCLEO-U5A5ZJ-Q, NUCLEO-WBA52CG, NUCLEO-WBA55CG, STEVAL-PROTEUS1, STEVAL-SMARTAG2, STEVAL-STWINBX1, STM320518-EVAL, STM32C0116-DK, STM32C011D6Y3TR, STM32C011D6Y6TR, STM32C011F4P3, STM32C011F4P6, STM32C011F4U3, STM32C011F4U6TR, STM32C011F6P3, STM32C011F6P6, STM32C011F6U3, STM32C011F6U6TR, STM32C011J4M3, STM32C011J4M6, STM32C011J6M3, STM32C011J6M6, STM32C0316-DK, STM32C031C4T3, STM32C031C4T6, STM32C031C4U3, STM32C031C4U6, STM32C031C6T3, STM32C031C6T6, STM32C031C6U3, STM32C031C6U6, STM32C031F4P3, STM32C031F4P6, STM32C031F6P3, STM32C031F6P6, STM32C031G4U3, STM32C031G4U6, STM32C031G6U3, STM32C031G6U6, STM32C031K4T3, STM32C031K4T6, STM32C031K4U3, STM32C031K4U6, STM32C031K6T3, STM32C031K6T6, STM32C031K6U3, STM32C031K6U6, STM32G071K8TXN, STM32G071K8UXN, STM32G081GBU6N, STM32G081KBT6N, STM32G081KBUXN, STM32G0B1CCT6N, STM32G0B1KCT6, STM32G0B1NEY6TR, STM32G0B1RCT6N, STM32G0C1CCT6, STM32G0C1CCT6N, STM32G0C1CCU6N, STM32G0C1CET6N, STM32G0C1CEU6N, STM32G0C1KCT6, STM32G0C1NEY6TR, STM32G0C1RCI6N, STM32G0C1RCT6N, STM32G0C1REI6N, STM32G0C1RET6N, STM32G0C1VCI6, STM32G0C1VEI6, STM32G471CCT6, STM32G471CCU6, STM32G471CET3, STM32G471CET6, STM32G471CEU3, STM32G471CEU6, STM32G471MCT6, STM32G471MET3, STM32G471MET6, STM32G471MEY6TR, STM32G471QCT6, STM32G471QET3, STM32G471RCT6, STM32G471RET3, STM32G471RET6, STM32G471VCH6, STM32G471VCI6, STM32G471VCT6, STM32G471VEH3, STM32G471VEH6, STM32G471VEI3, STM32G471VEI6, STM32G471VET3, STM32G471VET6, STM32G474CCT6, STM32H503CBT6, STM32H503CBU6, STM32H503EBY6TR, STM32H503KBU6, STM32H503RBT6, STM32H523CCT6, STM32H523CCU6, STM32H523CET6, STM32H523CEU6, STM32H523HEY6TR, STM32H523RCT6, STM32H523RET6, STM32H523VCI6, STM32H523VCT6, STM32H523VEI6, STM32H523VET6, STM32H523ZCJ6, STM32H523ZCT6, STM32H523ZEJ6, STM32H523ZET6, STM32H533CET6, STM32H533CEU6, STM32H533HEY6TR, STM32H533RET6, STM32H533VEI6, STM32H533VET6, STM32H533ZEJ6, STM32H533ZET6, STM32H562AGI6, STM32H562AII6, STM32H562IGK6, STM32H562IGT6, STM32H562IIK6, STM32H562IIT6, STM32H562RGT6, STM32H562RGV6, STM32H562RIT6, STM32H562RIV6, STM32H562VGT6, STM32H562VIT6, STM32H562ZGT6, STM32H562ZIT6, STM32H563AGI6, STM32H563AII3Q, STM32H563AII6, STM32H563IGK6, STM32H563IGT6, STM32H563IIK3Q, STM32H563IIK6, STM32H563IIT3Q, STM32H563IIT6, STM32H563MIY3QTR, STM32H563RGT6, STM32H563RGV6, STM32H563RIT6, STM32H563RIV6, STM32H563VGT6, STM32H563VIT3Q, STM32H563VIT6, STM32H563ZGT6, STM32H563ZIT3Q, STM32H563ZIT6, STM32H573AII3Q, STM32H573AII6, STM32H573I-DK, STM32H573IIK3Q, STM32H573IIK6, STM32H573IIT3Q, STM32H573IIT6, STM32H573MIY3QTR, STM32H573RIT6, STM32H573RIV6, STM32H573VIT3Q, STM32H573VIT6, STM32H573ZIT3Q, STM32H573ZIT6, STM32H7R3A8I6, STM32H7R3I8K6, STM32H7R3I8T6, STM32H7R3L8H6, STM32H7R3L8H6H, STM32H7R3R8V6, STM32H7R3V8H6, STM32H7R3V8T6, STM32H7R3V8Y6, STM32H7R3Z8J6, STM32H7R3Z8T6, STM32H7R7A8I6, STM32H7R7I8K6, STM32H7R7I8T6, STM32H7R7L8H6, STM32H7R7L8H6H, STM32H7R7Z8J6, STM32H7S3A8I6, STM32H7S3I8K6, STM32H7S3I8T6, STM32H7S3L8H6, STM32H7S3L8H6H, STM32H7S3R8V6, STM32H7S3V8H6, STM32H7S3V8T6, STM32H7S3V8Y6, STM32H7S3Z8J6, STM32H7S3Z8T6, STM32H7S78-DK, STM32H7S7A8I6, STM32H7S7I8K6, STM32H7S7I8T6, STM32H7S7L8H6, STM32H7S7L8H6H, STM32H7S7Z8J6, STM32L4R5QGI6STR, STM32MP131AAE3, STM32MP131AAF3, STM32MP131AAG3, STM32MP131CAE3, STM32MP131CAF3, STM32MP131CAG3, STM32MP131DAE7, STM32MP131DAF7, STM32MP131DAG7, STM32MP131FAE7, STM32MP131FAF7, STM32MP131FAG7, STM32MP133AAE3, STM32MP133AAF3, STM32MP133AAG3, STM32MP133CAE3, STM32MP133CAF3, STM32MP133CAG3, STM32MP133DAE7, STM32MP133DAF7, STM32MP133DAG7, STM32MP133FAE7, STM32MP133FAF7, STM32MP133FAG7, STM32MP135AAE3, STM32MP135AAF3, STM32MP135AAG3, STM32MP135CAE3, STM32MP135CAF3, STM32MP135CAG3, STM32MP135DAE7, STM32MP135DAF7, STM32MP135DAG7, STM32MP135F-DK, STM32MP135FAE7, STM32MP135FAF7, STM32MP135FAF7T, STM32MP135FAF7U, STM32MP135FAG7, STM32U031C6T6, STM32U031C6U6, STM32U031C8T6, STM32U031C8U6, STM32U031F4P6, STM32U031F6P6, STM32U031F8P6, STM32U031G6Y6TR, STM32U031G8Y6TR, STM32U031K4U6, STM32U031K6U6, STM32U031K8U6, STM32U031R6I6, STM32U031R6T6, STM32U031R8I6, STM32U031R8T6, STM32U073C8T6, STM32U073C8U6, STM32U073CBT6, STM32U073CBU6, STM32U073CCT6, STM32U073CCU6, STM32U073H8Y6TR, STM32U073HBY6TR, STM32U073HCY6TR, STM32U073K8U6, STM32U073KBU6, STM32U073KCU6, STM32U073M8I6, STM32U073M8T6, STM32U073MBI6, STM32U073MBT6, STM32U073MCI6, STM32U073MCT6, STM32U073R8I6, STM32U073R8T6, STM32U073RBI6, STM32U073RBT6, STM32U073RCI6, STM32U073RCT6, STM32U083C-DK, STM32U083CCT6, STM32U083CCU6, STM32U083HCY6TR, STM32U083KCU6, STM32U083MCI6, STM32U083MCT6, STM32U083RCI6, STM32U083RCT6, STM32U535CBT6, STM32U535CBT6Q, STM32U535CBU6, STM32U535CBU6Q, STM32U535CCT6, STM32U535CCT6Q, STM32U535CCU6, STM32U535CCU6Q, STM32U535CET6, STM32U535CET6Q, STM32U535CEU6, STM32U535CEU6Q, STM32U535JEY6QTR, STM32U535NCY6QTR, STM32U535NEY6QTR, STM32U535RBI6, STM32U535RBI6Q, STM32U535RBT6, STM32U535RBT6Q, STM32U535RCI6, STM32U535RCI6Q, STM32U535RCT6, STM32U535RCT6Q, STM32U535REI6, STM32U535REI6Q, STM32U535RET6, STM32U535RET6Q, STM32U535VCI6, STM32U535VCI6Q, STM32U535VCT6, STM32U535VCT6Q, STM32U535VEI6, STM32U535VEI6Q, STM32U535VET6, STM32U535VET6Q, STM32U545CET6, STM32U545CET6Q, STM32U545CEU6, STM32U545CEU6Q, STM32U545JEY6QTR, STM32U545NEY6QTR, STM32U545REI6, STM32U545REI6Q, STM32U545RET6, STM32U545RET6Q, STM32U545VEI6, STM32U545VEI6Q, STM32U545VET6, STM32U545VET6Q, STM32U595AIH6, STM32U595AIH6Q, STM32U595AJH6, STM32U595AJH6Q, STM32U595QII6, STM32U595QII6Q, STM32U595QJI6, STM32U595QJI6Q, STM32U595RIT6, STM32U595RIT6Q, STM32U595RJT6, STM32U595RJT6Q, STM32U595VIT6, STM32U595VIT6Q, STM32U595VJT6, STM32U595VJT6Q, STM32U595ZIT6, STM32U595ZIT6Q, STM32U595ZIY6QTR, STM32U595ZJT6, STM32U595ZJT6Q, STM32U595ZJY6QTR, STM32U599BJY6QTR, STM32U599NIH6Q, STM32U599NJH6Q, STM32U599VIT6Q, STM32U599VJT6, STM32U599VJT6Q, STM32U599ZIT6Q, STM32U599ZIY6QTR, STM32U599ZJT6Q, STM32U599ZJY6QTR, STM32U5A5AJH6, STM32U5A5AJH6Q, STM32U5A5QII3Q , STM32U5A5QJI6, STM32U5A5QJI6Q, STM32U5A5RJT6, STM32U5A5RJT6Q, STM32U5A5VJT6, STM32U5A5VJT6Q, STM32U5A5ZJT6, STM32U5A5ZJT6Q, STM32U5A5ZJY6QTR, STM32U5A9BJY6QTR, STM32U5A9J-DK, STM32U5A9NJH6Q, STM32U5A9VJT6Q, STM32U5A9ZJT6Q, STM32U5A9ZJY6QTR, STM32U5F7VIT6, STM32U5F7VIT6Q, STM32U5F7VJT6, STM32U5F7VJT6Q, STM32U5F9BJY6QTR, STM32U5F9NJH6Q, STM32U5F9VIT6Q, STM32U5F9VJT6Q, STM32U5F9ZIJ6QTR, STM32U5F9ZIT6Q, STM32U5F9ZJJ6QTR, STM32U5F9ZJT6Q, STM32U5G7VJT6, STM32U5G7VJT6Q, STM32U5G9BJY6QTR, STM32U5G9J-DK1, STM32U5G9J-DK2, STM32U5G9NJH6Q, STM32U5G9VJT6Q, STM32U5G9ZJJ6QTR, STM32U5G9ZJT6Q, STM32WB1MMCH6, STM32WBA50KEU6, STM32WBA50KEU6TR, STM32WBA50KGU6, STM32WBA50KGU6TR, STM32WBA52CEU6, STM32WBA52CEU6TR, STM32WBA52CEU7, STM32WBA52CEU7TR, STM32WBA52CGU6, STM32WBA52CGU6TR, STM32WBA52CGU6U, STM32WBA52CGU7, STM32WBA52CGU7TR, STM32WBA52KEU6, STM32WBA52KEU6TR, STM32WBA52KGU6, STM32WBA52KGU6TR, STM32WBA54CEU6, STM32WBA54CEU6TR, STM32WBA54CEU7, STM32WBA54CEU7TR, STM32WBA54CGU6, STM32WBA54CGU6TR, STM32WBA54CGU7, STM32WBA54CGU7TR, STM32WBA54KEU6, STM32WBA54KEU6TR, STM32WBA54KEU7, STM32WBA54KEU7TR, STM32WBA54KGU6, STM32WBA54KGU6TR, STM32WBA54KGU7, STM32WBA54KGU7TR, STM32WBA55CEU6, STM32WBA55CEU6TR, STM32WBA55CEU7, STM32WBA55CEU7TR, STM32WBA55CGU6, STM32WBA55CGU6TR, STM32WBA55CGU6U, STM32WBA55CGU7, STM32WBA55CGU7TR, STM32WBA55G-DK1, STM32WBA55HEF6, STM32WBA55HEF7, STM32WBA55HGF6, STM32WBA55HGF7, STM32WBA55UEI6, STM32WBA55UEI6TR, STM32WBA55UEI7, STM32WBA55UEI7TR, STM32WBA55UGI6, STM32WBA55UGI6TR, STM32WBA55UGI7, STM32WBA55UGI7TR, STM32WL5MOCH6, STM32WL5MOCH6TR]
2024-06-28 09:15:09,921 [INFO] BoardInfo:889 - No configuration file found for board P-NUCLEO-WB55
2024-06-28 09:15:09,922 [INFO] DbBoards:161 - Kit is not supported: P-NUCLEO-WB55
2024-06-28 09:15:09,927 [INFO] BoardInfo:889 - No configuration file found for board STEVAL-BFA001V1B
2024-06-28 09:15:09,927 [INFO] DbBoards:161 - Kit is not supported: STEVAL-BFA001V1B
2024-06-28 09:15:09,929 [INFO] BoardInfo:889 - No configuration file found for board STEVAL-BFA001V2B
2024-06-28 09:15:09,929 [INFO] DbBoards:161 - Kit is not supported: STEVAL-BFA001V2B
2024-06-28 09:15:10,063 [INFO] DbBoards:168 - Found 199 boards, 196 are supported
2024-06-28 09:15:10,063 [INFO] DbBoards:169 - Found 199 boards, 8 of them is supported for  Bsp
2024-06-28 09:15:10,066 [INFO] ApiDb:668 - CubeFinder database Data Model version=2.1
2024-06-28 09:15:10,066 [INFO] ApiDb:669 - CubeFinder database Configuration version=3.0.39
2024-06-28 09:15:10,066 [INFO] ApiDb:670 - CubeFinder database generation date=2024-06-05 (1717578087)
2024-06-28 09:15:10,066 [INFO] ApiDb:671 - CubeFinder database FW Pack versions=[FP-ATR-ASTRA1_V2.0.0, FP-SNS-FLIGHT1_V5.0.1, FP-SNS-FLIGHT1_V5.0.2, FP-SNS-MOTENV1_V4.3.1, FP-SNS-MOTENV1_V4.3.2, FP-SNS-MOTENV1_V5.0.0, FP-SNS-MOTENVWB1_V1.4.0, FP-SNS-SMARTAG2_V1.2.0, STM32Cube_FW_C0_V1.1.0, STM32Cube_FW_F4_V1.28.0, STM32Cube_FW_F7_V1.17.2, STM32Cube_FW_G0_V1.6.2, STM32Cube_FW_G4_V1.5.2, STM32Cube_FW_H5_V0.5.1, STM32Cube_FW_H5_V1.1.1, STM32Cube_FW_H5_V1.2.0, STM32Cube_FW_H5_V1.2.0RC4, STM32Cube_FW_H7RS_V1.0.0, STM32Cube_FW_H7RS_V1.0.0RC4, STM32Cube_FW_H7_V1.11.2, STM32Cube_FW_L0_V1.12.2, STM32Cube_FW_L5_V1.5.1, STM32Cube_FW_U0_V1.0.0, STM32Cube_FW_U0_V1.0.0RC1, STM32Cube_FW_U5_V1.3.0RC4, STM32Cube_FW_U5_V1.5.0, STM32Cube_FW_U5_V1.5.0RC1, STM32Cube_FW_WBA_V1.0.0RC1, STM32Cube_FW_WBA_V1.2.0, STM32Cube_FW_WBA_V1.2.0RC2, STM32Cube_FW_WBA_V1.3.0RC1, STM32Cube_FW_WBA_V1.3.1, STM32Cube_FW_WB_V1.15.0RC1, STM32Cube_FW_WB_V1.16.0, STM32Cube_FW_WB_V1.16.0RC2, STM32Cube_FW_WB_V1.18.0, STM32Cube_FW_WB_V1.19.0, STM32Cube_FW_WL_V1.3.0, X-CUBE-ALGOBUILD_V1.4.0, X-CUBE-ALS_V1.0.1, X-CUBE-ALS_V1.0.2, X-CUBE-AZRTOS-F4_V1.1.0, X-CUBE-AZRTOS-F7_V1.1.0, X-CUBE-AZRTOS-G0_V1.1.0, X-CUBE-AZRTOS-G4_V2.0.0, X-CUBE-AZRTOS-H7RS_V1.0.0, X-CUBE-AZRTOS-H7_V3.2.0, X-CUBE-AZRTOS-L4_V1.0.0, X-CUBE-AZRTOS-L4_V2.0.0, X-CUBE-AZRTOS-L5_V1.1.0, X-CUBE-AZRTOS-WB_V2.0.0, X-CUBE-AZRTOS-WL_V2.0.0, X-CUBE-BLE1_V7.0.0, X-CUBE-BLE2_V3.3.0, X-CUBE-BLEMGR_V3.1.0, X-CUBE-EEPRMA1_V4.1.0, X-CUBE-EEPRMA1_V5.1.0, X-CUBE-FREERTOS_V1.2.0, X-CUBE-GNSS1_V6.0.0, X-CUBE-MEMS1_V10.0.0, X-CUBE-MEMS1_V9.1.0, X-CUBE-MEMS1_V9.4.0, X-CUBE-MEMS1_V9.6.0, X-CUBE-NFC4_V3.0.0, X-CUBE-NFC7_V1.0.1, X-CUBE-SFXS2LP1_V4.0.0, X-CUBE-SUBG2_V5.0.0, X-CUBE-TOF1_V3.4.1]
2024-06-28 09:15:11,973 [INFO] ApiDb:240 - Found 483 in-development CPN: [B-G473E-ZEST1S, B-WB1M-WPAN1, B-WL5M-SUBG1, NUCLEO-C031C6, NUCLEO-H503RB, NUCLEO-H533RE, NUCLEO-H563ZI, NUCLEO-H7S3L8, NUCLEO-U031R8, NUCLEO-U083RC, NUCLEO-U545RE-Q, NUCLEO-U5A5ZJ-Q, NUCLEO-WBA52CG, NUCLEO-WBA55CG, STEVAL-PROTEUS1, STEVAL-SMARTAG2, STEVAL-STWINBX1, STM320518-EVAL, STM32C0116-DK, STM32C011D6Y3TR, STM32C011D6Y6TR, STM32C011F4P3, STM32C011F4P6, STM32C011F4U3, STM32C011F4U6TR, STM32C011F6P3, STM32C011F6P6, STM32C011F6U3, STM32C011F6U6TR, STM32C011J4M3, STM32C011J4M6, STM32C011J6M3, STM32C011J6M6, STM32C0316-DK, STM32C031C4T3, STM32C031C4T6, STM32C031C4U3, STM32C031C4U6, STM32C031C6T3, STM32C031C6T6, STM32C031C6U3, STM32C031C6U6, STM32C031F4P3, STM32C031F4P6, STM32C031F6P3, STM32C031F6P6, STM32C031G4U3, STM32C031G4U6, STM32C031G6U3, STM32C031G6U6, STM32C031K4T3, STM32C031K4T6, STM32C031K4U3, STM32C031K4U6, STM32C031K6T3, STM32C031K6T6, STM32C031K6U3, STM32C031K6U6, STM32G071K8TXN, STM32G071K8UXN, STM32G081GBU6N, STM32G081KBT6N, STM32G081KBUXN, STM32G0B1CCT6N, STM32G0B1KCT6, STM32G0B1NEY6TR, STM32G0B1RCT6N, STM32G0C1CCT6, STM32G0C1CCT6N, STM32G0C1CCU6N, STM32G0C1CET6N, STM32G0C1CEU6N, STM32G0C1KCT6, STM32G0C1NEY6TR, STM32G0C1RCI6N, STM32G0C1RCT6N, STM32G0C1REI6N, STM32G0C1RET6N, STM32G0C1VCI6, STM32G0C1VEI6, STM32G471CCT6, STM32G471CCU6, STM32G471CET3, STM32G471CET6, STM32G471CEU3, STM32G471CEU6, STM32G471MCT6, STM32G471MET3, STM32G471MET6, STM32G471MEY6TR, STM32G471QCT6, STM32G471QET3, STM32G471RCT6, STM32G471RET3, STM32G471RET6, STM32G471VCH6, STM32G471VCI6, STM32G471VCT6, STM32G471VEH3, STM32G471VEH6, STM32G471VEI3, STM32G471VEI6, STM32G471VET3, STM32G471VET6, STM32G474CCT6, STM32H503CBT6, STM32H503CBU6, STM32H503EBY6TR, STM32H503KBU6, STM32H503RBT6, STM32H523CCT6, STM32H523CCU6, STM32H523CET6, STM32H523CEU6, STM32H523HEY6TR, STM32H523RCT6, STM32H523RET6, STM32H523VCI6, STM32H523VCT6, STM32H523VEI6, STM32H523VET6, STM32H523ZCJ6, STM32H523ZCT6, STM32H523ZEJ6, STM32H523ZET6, STM32H533CET6, STM32H533CEU6, STM32H533HEY6TR, STM32H533RET6, STM32H533VEI6, STM32H533VET6, STM32H533ZEJ6, STM32H533ZET6, STM32H562AGI6, STM32H562AII6, STM32H562IGK6, STM32H562IGT6, STM32H562IIK6, STM32H562IIT6, STM32H562RGT6, STM32H562RGV6, STM32H562RIT6, STM32H562RIV6, STM32H562VGT6, STM32H562VIT6, STM32H562ZGT6, STM32H562ZIT6, STM32H563AGI6, STM32H563AII3Q, STM32H563AII6, STM32H563IGK6, STM32H563IGT6, STM32H563IIK3Q, STM32H563IIK6, STM32H563IIT3Q, STM32H563IIT6, STM32H563MIY3QTR, STM32H563RGT6, STM32H563RGV6, STM32H563RIT6, STM32H563RIV6, STM32H563VGT6, STM32H563VIT3Q, STM32H563VIT6, STM32H563ZGT6, STM32H563ZIT3Q, STM32H563ZIT6, STM32H573AII3Q, STM32H573AII6, STM32H573I-DK, STM32H573IIK3Q, STM32H573IIK6, STM32H573IIT3Q, STM32H573IIT6, STM32H573MIY3QTR, STM32H573RIT6, STM32H573RIV6, STM32H573VIT3Q, STM32H573VIT6, STM32H573ZIT3Q, STM32H573ZIT6, STM32H7R3A8I6, STM32H7R3I8K6, STM32H7R3I8T6, STM32H7R3L8H6, STM32H7R3L8H6H, STM32H7R3R8V6, STM32H7R3V8H6, STM32H7R3V8T6, STM32H7R3V8Y6, STM32H7R3Z8J6, STM32H7R3Z8T6, STM32H7R7A8I6, STM32H7R7I8K6, STM32H7R7I8T6, STM32H7R7L8H6, STM32H7R7L8H6H, STM32H7R7Z8J6, STM32H7S3A8I6, STM32H7S3I8K6, STM32H7S3I8T6, STM32H7S3L8H6, STM32H7S3L8H6H, STM32H7S3R8V6, STM32H7S3V8H6, STM32H7S3V8T6, STM32H7S3V8Y6, STM32H7S3Z8J6, STM32H7S3Z8T6, STM32H7S78-DK, STM32H7S7A8I6, STM32H7S7I8K6, STM32H7S7I8T6, STM32H7S7L8H6, STM32H7S7L8H6H, STM32H7S7Z8J6, STM32L4R5QGI6STR, STM32MP131AAE3, STM32MP131AAF3, STM32MP131AAG3, STM32MP131CAE3, STM32MP131CAF3, STM32MP131CAG3, STM32MP131DAE7, STM32MP131DAF7, STM32MP131DAG7, STM32MP131FAE7, STM32MP131FAF7, STM32MP131FAG7, STM32MP133AAE3, STM32MP133AAF3, STM32MP133AAG3, STM32MP133CAE3, STM32MP133CAF3, STM32MP133CAG3, STM32MP133DAE7, STM32MP133DAF7, STM32MP133DAG7, STM32MP133FAE7, STM32MP133FAF7, STM32MP133FAG7, STM32MP135AAE3, STM32MP135AAF3, STM32MP135AAG3, STM32MP135CAE3, STM32MP135CAF3, STM32MP135CAG3, STM32MP135DAE7, STM32MP135DAF7, STM32MP135DAG7, STM32MP135F-DK, STM32MP135FAE7, STM32MP135FAF7, STM32MP135FAF7T, STM32MP135FAF7U, STM32MP135FAG7, STM32U031C6T6, STM32U031C6U6, STM32U031C8T6, STM32U031C8U6, STM32U031F4P6, STM32U031F6P6, STM32U031F8P6, STM32U031G6Y6TR, STM32U031G8Y6TR, STM32U031K4U6, STM32U031K6U6, STM32U031K8U6, STM32U031R6I6, STM32U031R6T6, STM32U031R8I6, STM32U031R8T6, STM32U073C8T6, STM32U073C8U6, STM32U073CBT6, STM32U073CBU6, STM32U073CCT6, STM32U073CCU6, STM32U073H8Y6TR, STM32U073HBY6TR, STM32U073HCY6TR, STM32U073K8U6, STM32U073KBU6, STM32U073KCU6, STM32U073M8I6, STM32U073M8T6, STM32U073MBI6, STM32U073MBT6, STM32U073MCI6, STM32U073MCT6, STM32U073R8I6, STM32U073R8T6, STM32U073RBI6, STM32U073RBT6, STM32U073RCI6, STM32U073RCT6, STM32U083C-DK, STM32U083CCT6, STM32U083CCU6, STM32U083HCY6TR, STM32U083KCU6, STM32U083MCI6, STM32U083MCT6, STM32U083RCI6, STM32U083RCT6, STM32U535CBT6, STM32U535CBT6Q, STM32U535CBU6, STM32U535CBU6Q, STM32U535CCT6, STM32U535CCT6Q, STM32U535CCU6, STM32U535CCU6Q, STM32U535CET6, STM32U535CET6Q, STM32U535CEU6, STM32U535CEU6Q, STM32U535JEY6QTR, STM32U535NCY6QTR, STM32U535NEY6QTR, STM32U535RBI6, STM32U535RBI6Q, STM32U535RBT6, STM32U535RBT6Q, STM32U535RCI6, STM32U535RCI6Q, STM32U535RCT6, STM32U535RCT6Q, STM32U535REI6, STM32U535REI6Q, STM32U535RET6, STM32U535RET6Q, STM32U535VCI6, STM32U535VCI6Q, STM32U535VCT6, STM32U535VCT6Q, STM32U535VEI6, STM32U535VEI6Q, STM32U535VET6, STM32U535VET6Q, STM32U545CET6, STM32U545CET6Q, STM32U545CEU6, STM32U545CEU6Q, STM32U545JEY6QTR, STM32U545NEY6QTR, STM32U545REI6, STM32U545REI6Q, STM32U545RET6, STM32U545RET6Q, STM32U545VEI6, STM32U545VEI6Q, STM32U545VET6, STM32U545VET6Q, STM32U595AIH6, STM32U595AIH6Q, STM32U595AJH6, STM32U595AJH6Q, STM32U595QII6, STM32U595QII6Q, STM32U595QJI6, STM32U595QJI6Q, STM32U595RIT6, STM32U595RIT6Q, STM32U595RJT6, STM32U595RJT6Q, STM32U595VIT6, STM32U595VIT6Q, STM32U595VJT6, STM32U595VJT6Q, STM32U595ZIT6, STM32U595ZIT6Q, STM32U595ZIY6QTR, STM32U595ZJT6, STM32U595ZJT6Q, STM32U595ZJY6QTR, STM32U599BJY6QTR, STM32U599NIH6Q, STM32U599NJH6Q, STM32U599VIT6Q, STM32U599VJT6, STM32U599VJT6Q, STM32U599ZIT6Q, STM32U599ZIY6QTR, STM32U599ZJT6Q, STM32U599ZJY6QTR, STM32U5A5AJH6, STM32U5A5AJH6Q, STM32U5A5QII3Q , STM32U5A5QJI6, STM32U5A5QJI6Q, STM32U5A5RJT6, STM32U5A5RJT6Q, STM32U5A5VJT6, STM32U5A5VJT6Q, STM32U5A5ZJT6, STM32U5A5ZJT6Q, STM32U5A5ZJY6QTR, STM32U5A9BJY6QTR, STM32U5A9J-DK, STM32U5A9NJH6Q, STM32U5A9VJT6Q, STM32U5A9ZJT6Q, STM32U5A9ZJY6QTR, STM32U5F7VIT6, STM32U5F7VIT6Q, STM32U5F7VJT6, STM32U5F7VJT6Q, STM32U5F9BJY6QTR, STM32U5F9NJH6Q, STM32U5F9VIT6Q, STM32U5F9VJT6Q, STM32U5F9ZIJ6QTR, STM32U5F9ZIT6Q, STM32U5F9ZJJ6QTR, STM32U5F9ZJT6Q, STM32U5G7VJT6, STM32U5G7VJT6Q, STM32U5G9BJY6QTR, STM32U5G9J-DK1, STM32U5G9J-DK2, STM32U5G9NJH6Q, STM32U5G9VJT6Q, STM32U5G9ZJJ6QTR, STM32U5G9ZJT6Q, STM32WB1MMCH6, STM32WBA50KEU6, STM32WBA50KEU6TR, STM32WBA50KGU6, STM32WBA50KGU6TR, STM32WBA52CEU6, STM32WBA52CEU6TR, STM32WBA52CEU7, STM32WBA52CEU7TR, STM32WBA52CGU6, STM32WBA52CGU6TR, STM32WBA52CGU6U, STM32WBA52CGU7, STM32WBA52CGU7TR, STM32WBA52KEU6, STM32WBA52KEU6TR, STM32WBA52KGU6, STM32WBA52KGU6TR, STM32WBA54CEU6, STM32WBA54CEU6TR, STM32WBA54CEU7, STM32WBA54CEU7TR, STM32WBA54CGU6, STM32WBA54CGU6TR, STM32WBA54CGU7, STM32WBA54CGU7TR, STM32WBA54KEU6, STM32WBA54KEU6TR, STM32WBA54KEU7, STM32WBA54KEU7TR, STM32WBA54KGU6, STM32WBA54KGU6TR, STM32WBA54KGU7, STM32WBA54KGU7TR, STM32WBA55CEU6, STM32WBA55CEU6TR, STM32WBA55CEU7, STM32WBA55CEU7TR, STM32WBA55CGU6, STM32WBA55CGU6TR, STM32WBA55CGU6U, STM32WBA55CGU7, STM32WBA55CGU7TR, STM32WBA55G-DK1, STM32WBA55HEF6, STM32WBA55HEF7, STM32WBA55HGF6, STM32WBA55HGF7, STM32WBA55UEI6, STM32WBA55UEI6TR, STM32WBA55UEI7, STM32WBA55UEI7TR, STM32WBA55UGI6, STM32WBA55UGI6TR, STM32WBA55UGI7, STM32WBA55UGI7TR, STM32WL5MOCH6, STM32WL5MOCH6TR]
2024-06-28 09:15:11,978 [INFO] DbMcus:218 - Found 4096 MCUs, 4096 are supported
2024-06-28 09:15:11,980 [INFO] ApiDb:423 - Load user favorites file C:\Users\Admin/.stm32cubeide/favorites.mcus.txt: 0 item(s)
2024-06-28 09:15:11,980 [INFO] ApiDb:427 - User favorites MCUs=[]
2024-06-28 09:15:11,980 [INFO] DbMcus:224 - Set 0 / 0 favorites MCUs
2024-06-28 09:15:12,400 [INFO] ApiDb:423 - Load user favorites file C:\Users\Admin/.stm32cubeide/favorites.boards.txt: 0 item(s)
2024-06-28 09:15:12,400 [INFO] ApiDb:427 - User favorites Boards=[]
2024-06-28 09:15:12,400 [INFO] DbBoards:198 - Set 0 / 0 favorites Boards
2024-06-28 09:15:12,401 [INFO] McuFinderGlobals:76 - Set McuFinderConnectedMode to true
2024-06-28 09:15:12,412 [INFO] MultiScanPanel:200 - Auto-refresh data requested => check proxy status ongoing
2024-06-28 09:15:12,416 [INFO] FinderPluginLoader:95 - Searching for filters in installed packs
2024-06-28 09:15:14,170 [INFO] LoadUrlFilesThread:185 - End of LoadServerUrlFiles without Thread
2024-06-28 09:15:14,183 [INFO] DetailPanel:341 - Set advertising image to C:/Users/Admin/STM32Cube/Repository/\en.prom-stm32h7rs-mcu-finder.jpg
